running egg_info
creating ../../build/Navigation/Navigation.egg-info
writing ../../build/Navigation/Navigation.egg-info/PKG-INFO
writing dependency_links to ../../build/Navigation/Navigation.egg-info/dependency_links.txt
writing entry points to ../../build/Navigation/Navigation.egg-info/entry_points.txt
writing requirements to ../../build/Navigation/Navigation.egg-info/requires.txt
writing top-level names to ../../build/Navigation/Navigation.egg-info/top_level.txt
writing manifest file '../../build/Navigation/Navigation.egg-info/SOURCES.txt'
reading manifest file '../../build/Navigation/Navigation.egg-info/SOURCES.txt'
writing manifest file '../../build/Navigation/Navigation.egg-info/SOURCES.txt'
running build
running build_py
creating /home/leroy7/ros_ws/build/Navigation/build
creating /home/leroy7/ros_ws/build/Navigation/build/lib
creating /home/leroy7/ros_ws/build/Navigation/build/lib/Navigation
copying Navigation/__init__.py -> /home/leroy7/ros_ws/build/Navigation/build/lib/Navigation
running install
running install_lib
creating /home/leroy7/ros_ws/install/Navigation/lib/python3.10/site-packages/Navigation
copying /home/leroy7/ros_ws/build/Navigation/build/lib/Navigation/__init__.py -> /home/leroy7/ros_ws/install/Navigation/lib/python3.10/site-packages/Navigation
byte-compiling /home/leroy7/ros_ws/install/Navigation/lib/python3.10/site-packages/Navigation/__init__.py to __init__.cpython-310.pyc
running install_data
creating /home/leroy7/ros_ws/install/Navigation/share/ament_index
creating /home/leroy7/ros_ws/install/Navigation/share/ament_index/resource_index
creating /home/leroy7/ros_ws/install/Navigation/share/ament_index/resource_index/packages
copying resource/Navigation -> /home/leroy7/ros_ws/install/Navigation/share/ament_index/resource_index/packages
copying package.xml -> /home/leroy7/ros_ws/install/Navigation/share/Navigation
running install_egg_info
Copying ../../build/Navigation/Navigation.egg-info to /home/leroy7/ros_ws/install/Navigation/lib/python3.10/site-packages/Navigation-0.0.0-py3.10.egg-info
running install_scripts
Installing GPS script to /home/leroy7/ros_ws/install/Navigation/lib/Navigation
writing list of installed files to '/home/leroy7/ros_ws/build/Navigation/install.log'
