[1.354s] Invoking command in '/home/leroy7/ros_ws/src/interfaces': PYTHONPATH=/home/leroy7/ros_ws/build/interfaces/prefix_override:/home/leroy7/ros_ws/install/interfaces/lib/python3.10/site-packages:${PYTHONPATH} /usr/bin/python3 setup.py egg_info --egg-base ../../build/interfaces build --build-base /home/leroy7/ros_ws/build/interfaces/build install --record /home/leroy7/ros_ws/build/interfaces/install.log --single-version-externally-managed
[1.686s] running egg_info
[1.687s] writing ../../build/interfaces/interfaces.egg-info/PKG-INFO
[1.687s] writing dependency_links to ../../build/interfaces/interfaces.egg-info/dependency_links.txt
[1.688s] writing entry points to ../../build/interfaces/interfaces.egg-info/entry_points.txt
[1.688s] writing requirements to ../../build/interfaces/interfaces.egg-info/requires.txt
[1.688s] writing top-level names to ../../build/interfaces/interfaces.egg-info/top_level.txt
[1.690s] reading manifest file '../../build/interfaces/interfaces.egg-info/SOURCES.txt'
[1.691s] writing manifest file '../../build/interfaces/interfaces.egg-info/SOURCES.txt'
[1.692s] running build
[1.692s] running build_py
[1.692s] running install
[1.692s] running install_lib
[1.695s] running install_data
[1.695s] running install_egg_info
[1.698s] removing '/home/leroy7/ros_ws/install/interfaces/lib/python3.10/site-packages/interfaces-0.0.0-py3.10.egg-info' (and everything under it)
[1.699s] Copying ../../build/interfaces/interfaces.egg-info to /home/leroy7/ros_ws/install/interfaces/lib/python3.10/site-packages/interfaces-0.0.0-py3.10.egg-info
[1.700s] running install_scripts
[1.739s] writing list of installed files to '/home/leroy7/ros_ws/build/interfaces/install.log'
[1.807s] Invoked command in '/home/leroy7/ros_ws/src/interfaces' returned '0': PYTHONPATH=/home/leroy7/ros_ws/build/interfaces/prefix_override:/home/leroy7/ros_ws/install/interfaces/lib/python3.10/site-packages:${PYTHONPATH} /usr/bin/python3 setup.py egg_info --egg-base ../../build/interfaces build --build-base /home/leroy7/ros_ws/build/interfaces/build install --record /home/leroy7/ros_ws/build/interfaces/install.log --single-version-externally-managed
