[0.443s] DEBUG:colcon:Command line arguments: ['/usr/bin/colcon', 'build']
[0.443s] DEBUG:colcon:Parsed command line arguments: Namespace(log_base=None, log_level=None, verb_name='build', build_base='build', install_base='install', merge_install=False, symlink_install=False, test_result_base=None, continue_on_error=False, executor='parallel', parallel_workers=8, event_handlers=None, ignore_user_meta=False, metas=['./colcon.meta'], base_paths=['.'], packages_ignore=None, packages_ignore_regex=None, paths=None, packages_up_to=None, packages_up_to_regex=None, packages_above=None, packages_above_and_dependencies=None, packages_above_depth=None, packages_select_by_dep=None, packages_skip_by_dep=None, packages_skip_up_to=None, packages_select_build_failed=False, packages_skip_build_finished=False, packages_select_test_failures=False, packages_skip_test_passed=False, packages_select=None, packages_skip=None, packages_select_regex=None, packages_skip_regex=None, packages_start=None, packages_end=None, allow_overriding=[], cmake_args=None, cmake_target=None, cmake_target_skip_unavailable=False, cmake_clean_cache=False, cmake_clean_first=False, cmake_force_configure=False, ament_cmake_args=None, catkin_cmake_args=None, catkin_skip_building_tests=False, verb_parser=<colcon_defaults.argument_parser.defaults.DefaultArgumentsDecorator object at 0x7f4ab3e75f30>, verb_extension=<colcon_core.verb.build.BuildVerb object at 0x7f4ab3e759c0>, main=<bound method BuildVerb.main of <colcon_core.verb.build.BuildVerb object at 0x7f4ab3e759c0>>)
[0.480s] Level 1:colcon.colcon_core.package_discovery:discover_packages(colcon_meta) check parameters
[0.480s] Level 1:colcon.colcon_core.package_discovery:discover_packages(recursive) check parameters
[0.480s] Level 1:colcon.colcon_core.package_discovery:discover_packages(ignore) check parameters
[0.480s] Level 1:colcon.colcon_core.package_discovery:discover_packages(path) check parameters
[0.480s] Level 1:colcon.colcon_core.package_discovery:discover_packages(colcon_meta) discover
[0.480s] Level 1:colcon.colcon_core.package_discovery:discover_packages(recursive) discover
[0.480s] INFO:colcon.colcon_core.package_discovery:Crawling recursively for packages in '/home/leroy7/ros_ws'
[0.480s] Level 1:colcon.colcon_core.package_identification:_identify(.) by extensions ['ignore', 'ignore_ament_install']
[0.480s] Level 1:colcon.colcon_core.package_identification:_identify(.) by extension 'ignore'
[0.480s] Level 1:colcon.colcon_core.package_identification:_identify(.) by extension 'ignore_ament_install'
[0.480s] Level 1:colcon.colcon_core.package_identification:_identify(.) by extensions ['colcon_pkg']
[0.480s] Level 1:colcon.colcon_core.package_identification:_identify(.) by extension 'colcon_pkg'
[0.480s] Level 1:colcon.colcon_core.package_identification:_identify(.) by extensions ['colcon_meta']
[0.480s] Level 1:colcon.colcon_core.package_identification:_identify(.) by extension 'colcon_meta'
[0.481s] Level 1:colcon.colcon_core.package_identification:_identify(.) by extensions ['ros']
[0.481s] Level 1:colcon.colcon_core.package_identification:_identify(.) by extension 'ros'
[0.499s] Level 1:colcon.colcon_core.package_identification:_identify(.) by extensions ['cmake', 'python']
[0.499s] Level 1:colcon.colcon_core.package_identification:_identify(.) by extension 'cmake'
[0.499s] Level 1:colcon.colcon_core.package_identification:_identify(.) by extension 'python'
[0.499s] Level 1:colcon.colcon_core.package_identification:_identify(.) by extensions ['python_setup_py']
[0.499s] Level 1:colcon.colcon_core.package_identification:_identify(.) by extension 'python_setup_py'
[0.500s] Level 1:colcon.colcon_core.package_identification:_identify(build) by extensions ['ignore', 'ignore_ament_install']
[0.500s] Level 1:colcon.colcon_core.package_identification:_identify(build) by extension 'ignore'
[0.500s] Level 1:colcon.colcon_core.package_identification:_identify(build) ignored
[0.500s] Level 1:colcon.colcon_core.package_identification:_identify(install) by extensions ['ignore', 'ignore_ament_install']
[0.500s] Level 1:colcon.colcon_core.package_identification:_identify(install) by extension 'ignore'
[0.500s] Level 1:colcon.colcon_core.package_identification:_identify(install) ignored
[0.500s] Level 1:colcon.colcon_core.package_identification:_identify(log) by extensions ['ignore', 'ignore_ament_install']
[0.500s] Level 1:colcon.colcon_core.package_identification:_identify(log) by extension 'ignore'
[0.500s] Level 1:colcon.colcon_core.package_identification:_identify(log) ignored
[0.500s] Level 1:colcon.colcon_core.package_identification:_identify(src) by extensions ['ignore', 'ignore_ament_install']
[0.500s] Level 1:colcon.colcon_core.package_identification:_identify(src) by extension 'ignore'
[0.501s] Level 1:colcon.colcon_core.package_identification:_identify(src) by extension 'ignore_ament_install'
[0.501s] Level 1:colcon.colcon_core.package_identification:_identify(src) by extensions ['colcon_pkg']
[0.501s] Level 1:colcon.colcon_core.package_identification:_identify(src) by extension 'colcon_pkg'
[0.501s] Level 1:colcon.colcon_core.package_identification:_identify(src) by extensions ['colcon_meta']
[0.501s] Level 1:colcon.colcon_core.package_identification:_identify(src) by extension 'colcon_meta'
[0.501s] Level 1:colcon.colcon_core.package_identification:_identify(src) by extensions ['ros']
[0.501s] Level 1:colcon.colcon_core.package_identification:_identify(src) by extension 'ros'
[0.501s] Level 1:colcon.colcon_core.package_identification:_identify(src) by extensions ['cmake', 'python']
[0.501s] Level 1:colcon.colcon_core.package_identification:_identify(src) by extension 'cmake'
[0.501s] Level 1:colcon.colcon_core.package_identification:_identify(src) by extension 'python'
[0.501s] Level 1:colcon.colcon_core.package_identification:_identify(src) by extensions ['python_setup_py']
[0.501s] Level 1:colcon.colcon_core.package_identification:_identify(src) by extension 'python_setup_py'
[0.501s] Level 1:colcon.colcon_core.package_identification:_identify(src/GPS) by extensions ['ignore', 'ignore_ament_install']
[0.501s] Level 1:colcon.colcon_core.package_identification:_identify(src/GPS) by extension 'ignore'
[0.501s] Level 1:colcon.colcon_core.package_identification:_identify(src/GPS) by extension 'ignore_ament_install'
[0.501s] Level 1:colcon.colcon_core.package_identification:_identify(src/GPS) by extensions ['colcon_pkg']
[0.501s] Level 1:colcon.colcon_core.package_identification:_identify(src/GPS) by extension 'colcon_pkg'
[0.501s] Level 1:colcon.colcon_core.package_identification:_identify(src/GPS) by extensions ['colcon_meta']
[0.501s] Level 1:colcon.colcon_core.package_identification:_identify(src/GPS) by extension 'colcon_meta'
[0.501s] Level 1:colcon.colcon_core.package_identification:_identify(src/GPS) by extensions ['ros']
[0.501s] Level 1:colcon.colcon_core.package_identification:_identify(src/GPS) by extension 'ros'
[0.506s] DEBUG:colcon.colcon_core.package_identification:Package 'src/GPS' with type 'ros.ament_python' and name 'GPS'
[0.506s] Level 1:colcon.colcon_core.package_identification:_identify(src/Navigation) by extensions ['ignore', 'ignore_ament_install']
[0.506s] Level 1:colcon.colcon_core.package_identification:_identify(src/Navigation) by extension 'ignore'
[0.506s] Level 1:colcon.colcon_core.package_identification:_identify(src/Navigation) by extension 'ignore_ament_install'
[0.506s] Level 1:colcon.colcon_core.package_identification:_identify(src/Navigation) by extensions ['colcon_pkg']
[0.506s] Level 1:colcon.colcon_core.package_identification:_identify(src/Navigation) by extension 'colcon_pkg'
[0.506s] Level 1:colcon.colcon_core.package_identification:_identify(src/Navigation) by extensions ['colcon_meta']
[0.506s] Level 1:colcon.colcon_core.package_identification:_identify(src/Navigation) by extension 'colcon_meta'
[0.506s] Level 1:colcon.colcon_core.package_identification:_identify(src/Navigation) by extensions ['ros']
[0.507s] Level 1:colcon.colcon_core.package_identification:_identify(src/Navigation) by extension 'ros'
[0.507s] DEBUG:colcon.colcon_core.package_identification:Package 'src/Navigation' with type 'ros.ament_python' and name 'Navigation'
[0.507s] Level 1:colcon.colcon_core.package_identification:_identify(src/interfaces) by extensions ['ignore', 'ignore_ament_install']
[0.508s] Level 1:colcon.colcon_core.package_identification:_identify(src/interfaces) by extension 'ignore'
[0.508s] Level 1:colcon.colcon_core.package_identification:_identify(src/interfaces) by extension 'ignore_ament_install'
[0.508s] Level 1:colcon.colcon_core.package_identification:_identify(src/interfaces) by extensions ['colcon_pkg']
[0.508s] Level 1:colcon.colcon_core.package_identification:_identify(src/interfaces) by extension 'colcon_pkg'
[0.508s] Level 1:colcon.colcon_core.package_identification:_identify(src/interfaces) by extensions ['colcon_meta']
[0.508s] Level 1:colcon.colcon_core.package_identification:_identify(src/interfaces) by extension 'colcon_meta'
[0.508s] Level 1:colcon.colcon_core.package_identification:_identify(src/interfaces) by extensions ['ros']
[0.508s] Level 1:colcon.colcon_core.package_identification:_identify(src/interfaces) by extension 'ros'
[0.508s] DEBUG:colcon.colcon_core.package_identification:Package 'src/interfaces' with type 'ros.ament_python' and name 'interfaces'
[0.508s] Level 1:colcon.colcon_core.package_identification:_identify(src/testing) by extensions ['ignore', 'ignore_ament_install']
[0.509s] Level 1:colcon.colcon_core.package_identification:_identify(src/testing) by extension 'ignore'
[0.509s] Level 1:colcon.colcon_core.package_identification:_identify(src/testing) by extension 'ignore_ament_install'
[0.509s] Level 1:colcon.colcon_core.package_identification:_identify(src/testing) by extensions ['colcon_pkg']
[0.509s] Level 1:colcon.colcon_core.package_identification:_identify(src/testing) by extension 'colcon_pkg'
[0.509s] Level 1:colcon.colcon_core.package_identification:_identify(src/testing) by extensions ['colcon_meta']
[0.509s] Level 1:colcon.colcon_core.package_identification:_identify(src/testing) by extension 'colcon_meta'
[0.509s] Level 1:colcon.colcon_core.package_identification:_identify(src/testing) by extensions ['ros']
[0.509s] Level 1:colcon.colcon_core.package_identification:_identify(src/testing) by extension 'ros'
[0.509s] DEBUG:colcon.colcon_core.package_identification:Package 'src/testing' with type 'ros.ament_python' and name 'testing'
[0.509s] Level 1:colcon.colcon_core.package_discovery:discover_packages(recursive) using defaults
[0.510s] Level 1:colcon.colcon_core.package_discovery:discover_packages(ignore) discover
[0.510s] Level 1:colcon.colcon_core.package_discovery:discover_packages(ignore) using defaults
[0.510s] Level 1:colcon.colcon_core.package_discovery:discover_packages(path) discover
[0.510s] Level 1:colcon.colcon_core.package_discovery:discover_packages(path) using defaults
[0.554s] Level 1:colcon.colcon_core.package_discovery:discover_packages(prefix_path) check parameters
[0.554s] Level 1:colcon.colcon_core.package_discovery:discover_packages(prefix_path) discover
[0.558s] DEBUG:colcon.colcon_installed_package_information.package_discovery:Found 4 installed packages in /home/leroy7/ros_ws/install
[0.571s] DEBUG:colcon.colcon_installed_package_information.package_discovery:Found 270 installed packages in /opt/ros/humble
[0.572s] Level 1:colcon.colcon_core.package_discovery:discover_packages(prefix_path) using defaults
[0.637s] Level 5:colcon.colcon_core.verb:set package 'GPS' build argument 'cmake_args' from command line to 'None'
[0.637s] Level 5:colcon.colcon_core.verb:set package 'GPS' build argument 'cmake_target' from command line to 'None'
[0.637s] Level 5:colcon.colcon_core.verb:set package 'GPS' build argument 'cmake_target_skip_unavailable' from command line to 'False'
[0.637s] Level 5:colcon.colcon_core.verb:set package 'GPS' build argument 'cmake_clean_cache' from command line to 'False'
[0.637s] Level 5:colcon.colcon_core.verb:set package 'GPS' build argument 'cmake_clean_first' from command line to 'False'
[0.637s] Level 5:colcon.colcon_core.verb:set package 'GPS' build argument 'cmake_force_configure' from command line to 'False'
[0.637s] Level 5:colcon.colcon_core.verb:set package 'GPS' build argument 'ament_cmake_args' from command line to 'None'
[0.637s] Level 5:colcon.colcon_core.verb:set package 'GPS' build argument 'catkin_cmake_args' from command line to 'None'
[0.637s] Level 5:colcon.colcon_core.verb:set package 'GPS' build argument 'catkin_skip_building_tests' from command line to 'False'
[0.637s] DEBUG:colcon.colcon_core.verb:Building package 'GPS' with the following arguments: {'ament_cmake_args': None, 'build_base': '/home/leroy7/ros_ws/build/GPS', 'catkin_cmake_args': None, 'catkin_skip_building_tests': False, 'cmake_args': None, 'cmake_clean_cache': False, 'cmake_clean_first': False, 'cmake_force_configure': False, 'cmake_target': None, 'cmake_target_skip_unavailable': False, 'install_base': '/home/leroy7/ros_ws/install/GPS', 'merge_install': False, 'path': '/home/leroy7/ros_ws/src/GPS', 'symlink_install': False, 'test_result_base': None}
[0.638s] Level 5:colcon.colcon_core.verb:set package 'Navigation' build argument 'cmake_args' from command line to 'None'
[0.638s] Level 5:colcon.colcon_core.verb:set package 'Navigation' build argument 'cmake_target' from command line to 'None'
[0.638s] Level 5:colcon.colcon_core.verb:set package 'Navigation' build argument 'cmake_target_skip_unavailable' from command line to 'False'
[0.638s] Level 5:colcon.colcon_core.verb:set package 'Navigation' build argument 'cmake_clean_cache' from command line to 'False'
[0.638s] Level 5:colcon.colcon_core.verb:set package 'Navigation' build argument 'cmake_clean_first' from command line to 'False'
[0.638s] Level 5:colcon.colcon_core.verb:set package 'Navigation' build argument 'cmake_force_configure' from command line to 'False'
[0.638s] Level 5:colcon.colcon_core.verb:set package 'Navigation' build argument 'ament_cmake_args' from command line to 'None'
[0.638s] Level 5:colcon.colcon_core.verb:set package 'Navigation' build argument 'catkin_cmake_args' from command line to 'None'
[0.638s] Level 5:colcon.colcon_core.verb:set package 'Navigation' build argument 'catkin_skip_building_tests' from command line to 'False'
[0.638s] DEBUG:colcon.colcon_core.verb:Building package 'Navigation' with the following arguments: {'ament_cmake_args': None, 'build_base': '/home/leroy7/ros_ws/build/Navigation', 'catkin_cmake_args': None, 'catkin_skip_building_tests': False, 'cmake_args': None, 'cmake_clean_cache': False, 'cmake_clean_first': False, 'cmake_force_configure': False, 'cmake_target': None, 'cmake_target_skip_unavailable': False, 'install_base': '/home/leroy7/ros_ws/install/Navigation', 'merge_install': False, 'path': '/home/leroy7/ros_ws/src/Navigation', 'symlink_install': False, 'test_result_base': None}
[0.639s] Level 5:colcon.colcon_core.verb:set package 'interfaces' build argument 'cmake_args' from command line to 'None'
[0.639s] Level 5:colcon.colcon_core.verb:set package 'interfaces' build argument 'cmake_target' from command line to 'None'
[0.639s] Level 5:colcon.colcon_core.verb:set package 'interfaces' build argument 'cmake_target_skip_unavailable' from command line to 'False'
[0.639s] Level 5:colcon.colcon_core.verb:set package 'interfaces' build argument 'cmake_clean_cache' from command line to 'False'
[0.639s] Level 5:colcon.colcon_core.verb:set package 'interfaces' build argument 'cmake_clean_first' from command line to 'False'
[0.639s] Level 5:colcon.colcon_core.verb:set package 'interfaces' build argument 'cmake_force_configure' from command line to 'False'
[0.639s] Level 5:colcon.colcon_core.verb:set package 'interfaces' build argument 'ament_cmake_args' from command line to 'None'
[0.639s] Level 5:colcon.colcon_core.verb:set package 'interfaces' build argument 'catkin_cmake_args' from command line to 'None'
[0.639s] Level 5:colcon.colcon_core.verb:set package 'interfaces' build argument 'catkin_skip_building_tests' from command line to 'False'
[0.639s] DEBUG:colcon.colcon_core.verb:Building package 'interfaces' with the following arguments: {'ament_cmake_args': None, 'build_base': '/home/leroy7/ros_ws/build/interfaces', 'catkin_cmake_args': None, 'catkin_skip_building_tests': False, 'cmake_args': None, 'cmake_clean_cache': False, 'cmake_clean_first': False, 'cmake_force_configure': False, 'cmake_target': None, 'cmake_target_skip_unavailable': False, 'install_base': '/home/leroy7/ros_ws/install/interfaces', 'merge_install': False, 'path': '/home/leroy7/ros_ws/src/interfaces', 'symlink_install': False, 'test_result_base': None}
[0.640s] Level 5:colcon.colcon_core.verb:set package 'testing' build argument 'cmake_args' from command line to 'None'
[0.640s] Level 5:colcon.colcon_core.verb:set package 'testing' build argument 'cmake_target' from command line to 'None'
[0.640s] Level 5:colcon.colcon_core.verb:set package 'testing' build argument 'cmake_target_skip_unavailable' from command line to 'False'
[0.640s] Level 5:colcon.colcon_core.verb:set package 'testing' build argument 'cmake_clean_cache' from command line to 'False'
[0.640s] Level 5:colcon.colcon_core.verb:set package 'testing' build argument 'cmake_clean_first' from command line to 'False'
[0.640s] Level 5:colcon.colcon_core.verb:set package 'testing' build argument 'cmake_force_configure' from command line to 'False'
[0.640s] Level 5:colcon.colcon_core.verb:set package 'testing' build argument 'ament_cmake_args' from command line to 'None'
[0.640s] Level 5:colcon.colcon_core.verb:set package 'testing' build argument 'catkin_cmake_args' from command line to 'None'
[0.640s] Level 5:colcon.colcon_core.verb:set package 'testing' build argument 'catkin_skip_building_tests' from command line to 'False'
[0.640s] DEBUG:colcon.colcon_core.verb:Building package 'testing' with the following arguments: {'ament_cmake_args': None, 'build_base': '/home/leroy7/ros_ws/build/testing', 'catkin_cmake_args': None, 'catkin_skip_building_tests': False, 'cmake_args': None, 'cmake_clean_cache': False, 'cmake_clean_first': False, 'cmake_force_configure': False, 'cmake_target': None, 'cmake_target_skip_unavailable': False, 'install_base': '/home/leroy7/ros_ws/install/testing', 'merge_install': False, 'path': '/home/leroy7/ros_ws/src/testing', 'symlink_install': False, 'test_result_base': None}
[0.641s] INFO:colcon.colcon_core.executor:Executing jobs using 'parallel' executor
[0.644s] DEBUG:colcon.colcon_parallel_executor.executor.parallel:run_until_complete
[0.644s] INFO:colcon.colcon_ros.task.ament_python.build:Building ROS package in '/home/leroy7/ros_ws/src/GPS' with build type 'ament_python'
[0.644s] Level 1:colcon.colcon_core.shell:create_environment_hook('GPS', 'ament_prefix_path')
[0.650s] INFO:colcon.colcon_core.plugin_system:Skipping extension 'colcon_core.shell.bat': Not used on non-Windows systems
[0.650s] INFO:colcon.colcon_core.shell:Creating environment hook '/home/leroy7/ros_ws/install/GPS/share/GPS/hook/ament_prefix_path.ps1'
[0.663s] INFO:colcon.colcon_core.shell:Creating environment descriptor '/home/leroy7/ros_ws/install/GPS/share/GPS/hook/ament_prefix_path.dsv'
[0.665s] INFO:colcon.colcon_core.shell:Creating environment hook '/home/leroy7/ros_ws/install/GPS/share/GPS/hook/ament_prefix_path.sh'
[0.667s] INFO:colcon.colcon_core.shell:Skip shell extension 'powershell' for command environment: Not usable outside of PowerShell
[0.667s] DEBUG:colcon.colcon_core.shell:Skip shell extension 'dsv' for command environment
[0.672s] INFO:colcon.colcon_ros.task.ament_python.build:Building ROS package in '/home/leroy7/ros_ws/src/Navigation' with build type 'ament_python'
[0.672s] Level 1:colcon.colcon_core.shell:create_environment_hook('Navigation', 'ament_prefix_path')
[0.674s] INFO:colcon.colcon_core.shell:Creating environment hook '/home/leroy7/ros_ws/install/Navigation/share/Navigation/hook/ament_prefix_path.ps1'
[0.677s] INFO:colcon.colcon_core.shell:Creating environment descriptor '/home/leroy7/ros_ws/install/Navigation/share/Navigation/hook/ament_prefix_path.dsv'
[0.677s] INFO:colcon.colcon_core.shell:Creating environment hook '/home/leroy7/ros_ws/install/Navigation/share/Navigation/hook/ament_prefix_path.sh'
[0.679s] INFO:colcon.colcon_core.shell:Skip shell extension 'powershell' for command environment: Not usable outside of PowerShell
[0.679s] DEBUG:colcon.colcon_core.shell:Skip shell extension 'dsv' for command environment
[0.683s] INFO:colcon.colcon_ros.task.ament_python.build:Building ROS package in '/home/leroy7/ros_ws/src/interfaces' with build type 'ament_python'
[0.683s] Level 1:colcon.colcon_core.shell:create_environment_hook('interfaces', 'ament_prefix_path')
[0.685s] INFO:colcon.colcon_core.shell:Creating environment hook '/home/leroy7/ros_ws/install/interfaces/share/interfaces/hook/ament_prefix_path.ps1'
[0.686s] INFO:colcon.colcon_core.shell:Creating environment descriptor '/home/leroy7/ros_ws/install/interfaces/share/interfaces/hook/ament_prefix_path.dsv'
[0.687s] INFO:colcon.colcon_core.shell:Creating environment hook '/home/leroy7/ros_ws/install/interfaces/share/interfaces/hook/ament_prefix_path.sh'
[0.696s] INFO:colcon.colcon_core.shell:Skip shell extension 'powershell' for command environment: Not usable outside of PowerShell
[0.696s] DEBUG:colcon.colcon_core.shell:Skip shell extension 'dsv' for command environment
[0.702s] INFO:colcon.colcon_ros.task.ament_python.build:Building ROS package in '/home/leroy7/ros_ws/src/testing' with build type 'ament_python'
[0.703s] Level 1:colcon.colcon_core.shell:create_environment_hook('testing', 'ament_prefix_path')
[0.706s] INFO:colcon.colcon_core.shell:Creating environment hook '/home/leroy7/ros_ws/install/testing/share/testing/hook/ament_prefix_path.ps1'
[0.709s] INFO:colcon.colcon_core.shell:Creating environment descriptor '/home/leroy7/ros_ws/install/testing/share/testing/hook/ament_prefix_path.dsv'
[0.709s] INFO:colcon.colcon_core.shell:Creating environment hook '/home/leroy7/ros_ws/install/testing/share/testing/hook/ament_prefix_path.sh'
[0.711s] INFO:colcon.colcon_core.shell:Skip shell extension 'powershell' for command environment: Not usable outside of PowerShell
[0.711s] DEBUG:colcon.colcon_core.shell:Skip shell extension 'dsv' for command environment
[1.028s] INFO:colcon.colcon_core.task.python.build:Building Python package in '/home/leroy7/ros_ws/src/GPS'
[1.029s] INFO:colcon.colcon_core.shell:Skip shell extension 'powershell' for command environment: Not usable outside of PowerShell
[1.029s] DEBUG:colcon.colcon_core.shell:Skip shell extension 'dsv' for command environment
[1.400s] INFO:colcon.colcon_core.task.python.build:Building Python package in '/home/leroy7/ros_ws/src/Navigation'
[1.402s] INFO:colcon.colcon_core.shell:Skip shell extension 'powershell' for command environment: Not usable outside of PowerShell
[1.403s] DEBUG:colcon.colcon_core.shell:Skip shell extension 'dsv' for command environment
[2.002s] INFO:colcon.colcon_core.task.python.build:Building Python package in '/home/leroy7/ros_ws/src/interfaces'
[2.004s] INFO:colcon.colcon_core.shell:Skip shell extension 'powershell' for command environment: Not usable outside of PowerShell
[2.004s] DEBUG:colcon.colcon_core.shell:Skip shell extension 'dsv' for command environment
[2.330s] INFO:colcon.colcon_core.task.python.build:Building Python package in '/home/leroy7/ros_ws/src/testing'
[2.331s] INFO:colcon.colcon_core.shell:Skip shell extension 'powershell' for command environment: Not usable outside of PowerShell
[2.331s] DEBUG:colcon.colcon_core.shell:Skip shell extension 'dsv' for command environment
[2.940s] DEBUG:colcon.colcon_core.event_handler.log_command:Invoking command in '/home/leroy7/ros_ws/src/Navigation': PYTHONPATH=/home/leroy7/ros_ws/build/Navigation/prefix_override:/home/leroy7/ros_ws/install/Navigation/lib/python3.10/site-packages:${PYTHONPATH} /usr/bin/python3 setup.py egg_info --egg-base ../../build/Navigation build --build-base /home/leroy7/ros_ws/build/Navigation/build install --record /home/leroy7/ros_ws/build/Navigation/install.log --single-version-externally-managed
[3.014s] DEBUG:colcon.colcon_core.event_handler.log_command:Invoking command in '/home/leroy7/ros_ws/src/interfaces': PYTHONPATH=/home/leroy7/ros_ws/build/interfaces/prefix_override:/home/leroy7/ros_ws/install/interfaces/lib/python3.10/site-packages:${PYTHONPATH} /usr/bin/python3 setup.py egg_info --egg-base ../../build/interfaces build --build-base /home/leroy7/ros_ws/build/interfaces/build install --record /home/leroy7/ros_ws/build/interfaces/install.log --single-version-externally-managed
[3.037s] DEBUG:colcon.colcon_core.event_handler.log_command:Invoking command in '/home/leroy7/ros_ws/src/testing': PYTHONPATH=/home/leroy7/ros_ws/build/testing/prefix_override:/home/leroy7/ros_ws/install/testing/lib/python3.10/site-packages:${PYTHONPATH} /usr/bin/python3 setup.py egg_info --egg-base ../../build/testing build --build-base /home/leroy7/ros_ws/build/testing/build install --record /home/leroy7/ros_ws/build/testing/install.log --single-version-externally-managed
[3.038s] DEBUG:colcon.colcon_core.event_handler.log_command:Invoking command in '/home/leroy7/ros_ws/src/GPS': PYTHONPATH=/home/leroy7/ros_ws/build/GPS/prefix_override:/home/leroy7/ros_ws/install/GPS/lib/python3.10/site-packages:${PYTHONPATH} /usr/bin/python3 setup.py egg_info --egg-base ../../build/GPS build --build-base /home/leroy7/ros_ws/build/GPS/build install --record /home/leroy7/ros_ws/build/GPS/install.log --single-version-externally-managed
[3.402s] DEBUG:colcon.colcon_core.event_handler.log_command:Invoked command in '/home/leroy7/ros_ws/src/Navigation' returned '0': PYTHONPATH=/home/leroy7/ros_ws/build/Navigation/prefix_override:/home/leroy7/ros_ws/install/Navigation/lib/python3.10/site-packages:${PYTHONPATH} /usr/bin/python3 setup.py egg_info --egg-base ../../build/Navigation build --build-base /home/leroy7/ros_ws/build/Navigation/build install --record /home/leroy7/ros_ws/build/Navigation/install.log --single-version-externally-managed
[3.427s] Level 1:colcon.colcon_core.environment:checking '/home/leroy7/ros_ws/install/Navigation' for CMake module files
[3.429s] Level 1:colcon.colcon_core.environment:checking '/home/leroy7/ros_ws/install/Navigation' for CMake config files
[3.431s] Level 1:colcon.colcon_core.environment:checking '/home/leroy7/ros_ws/install/Navigation/lib'
[3.431s] Level 1:colcon.colcon_core.environment:checking '/home/leroy7/ros_ws/install/Navigation/bin'
[3.432s] Level 1:colcon.colcon_core.environment:checking '/home/leroy7/ros_ws/install/Navigation/lib/pkgconfig/Navigation.pc'
[3.432s] Level 1:colcon.colcon_core.environment:checking '/home/leroy7/ros_ws/install/Navigation/lib/python3.10/site-packages'
[3.432s] Level 1:colcon.colcon_core.shell:create_environment_hook('Navigation', 'pythonpath')
[3.434s] INFO:colcon.colcon_core.shell:Creating environment hook '/home/leroy7/ros_ws/install/Navigation/share/Navigation/hook/pythonpath.ps1'
[3.435s] INFO:colcon.colcon_core.shell:Creating environment descriptor '/home/leroy7/ros_ws/install/Navigation/share/Navigation/hook/pythonpath.dsv'
[3.435s] INFO:colcon.colcon_core.shell:Creating environment hook '/home/leroy7/ros_ws/install/Navigation/share/Navigation/hook/pythonpath.sh'
[3.436s] Level 1:colcon.colcon_core.environment:checking '/home/leroy7/ros_ws/install/Navigation/bin'
[3.436s] Level 1:colcon.colcon_core.environment:create_environment_scripts_only(Navigation)
[3.438s] INFO:colcon.colcon_core.shell:Creating package script '/home/leroy7/ros_ws/install/Navigation/share/Navigation/package.ps1'
[3.440s] INFO:colcon.colcon_core.shell:Creating package descriptor '/home/leroy7/ros_ws/install/Navigation/share/Navigation/package.dsv'
[3.441s] INFO:colcon.colcon_core.shell:Creating package script '/home/leroy7/ros_ws/install/Navigation/share/Navigation/package.sh'
[3.443s] INFO:colcon.colcon_core.shell:Creating package script '/home/leroy7/ros_ws/install/Navigation/share/Navigation/package.bash'
[3.444s] INFO:colcon.colcon_core.shell:Creating package script '/home/leroy7/ros_ws/install/Navigation/share/Navigation/package.zsh'
[3.452s] Level 1:colcon.colcon_core.environment:create_file_with_runtime_dependencies(/home/leroy7/ros_ws/install/Navigation/share/colcon-core/packages/Navigation)
[3.519s] Level 1:colcon.colcon_core.environment:checking '/home/leroy7/ros_ws/install/interfaces' for CMake module files
[3.520s] DEBUG:colcon.colcon_core.event_handler.log_command:Invoked command in '/home/leroy7/ros_ws/src/interfaces' returned '0': PYTHONPATH=/home/leroy7/ros_ws/build/interfaces/prefix_override:/home/leroy7/ros_ws/install/interfaces/lib/python3.10/site-packages:${PYTHONPATH} /usr/bin/python3 setup.py egg_info --egg-base ../../build/interfaces build --build-base /home/leroy7/ros_ws/build/interfaces/build install --record /home/leroy7/ros_ws/build/interfaces/install.log --single-version-externally-managed
[3.520s] Level 1:colcon.colcon_core.environment:checking '/home/leroy7/ros_ws/install/interfaces' for CMake config files
[3.522s] Level 1:colcon.colcon_core.environment:checking '/home/leroy7/ros_ws/install/interfaces/lib'
[3.522s] Level 1:colcon.colcon_core.environment:checking '/home/leroy7/ros_ws/install/interfaces/bin'
[3.522s] Level 1:colcon.colcon_core.environment:checking '/home/leroy7/ros_ws/install/interfaces/lib/pkgconfig/interfaces.pc'
[3.523s] Level 1:colcon.colcon_core.environment:checking '/home/leroy7/ros_ws/install/interfaces/lib/python3.10/site-packages'
[3.523s] Level 1:colcon.colcon_core.shell:create_environment_hook('interfaces', 'pythonpath')
[3.525s] INFO:colcon.colcon_core.shell:Creating environment hook '/home/leroy7/ros_ws/install/interfaces/share/interfaces/hook/pythonpath.ps1'
[3.526s] INFO:colcon.colcon_core.shell:Creating environment descriptor '/home/leroy7/ros_ws/install/interfaces/share/interfaces/hook/pythonpath.dsv'
[3.527s] INFO:colcon.colcon_core.shell:Creating environment hook '/home/leroy7/ros_ws/install/interfaces/share/interfaces/hook/pythonpath.sh'
[3.528s] Level 1:colcon.colcon_core.environment:checking '/home/leroy7/ros_ws/install/interfaces/bin'
[3.528s] Level 1:colcon.colcon_core.environment:create_environment_scripts_only(interfaces)
[3.530s] INFO:colcon.colcon_core.shell:Creating package script '/home/leroy7/ros_ws/install/interfaces/share/interfaces/package.ps1'
[3.531s] INFO:colcon.colcon_core.shell:Creating package descriptor '/home/leroy7/ros_ws/install/interfaces/share/interfaces/package.dsv'
[3.532s] INFO:colcon.colcon_core.shell:Creating package script '/home/leroy7/ros_ws/install/interfaces/share/interfaces/package.sh'
[3.533s] INFO:colcon.colcon_core.shell:Creating package script '/home/leroy7/ros_ws/install/interfaces/share/interfaces/package.bash'
[3.534s] INFO:colcon.colcon_core.shell:Creating package script '/home/leroy7/ros_ws/install/interfaces/share/interfaces/package.zsh'
[3.534s] Level 1:colcon.colcon_core.environment:create_file_with_runtime_dependencies(/home/leroy7/ros_ws/install/interfaces/share/colcon-core/packages/interfaces)
[3.540s] Level 1:colcon.colcon_core.environment:checking '/home/leroy7/ros_ws/install/testing' for CMake module files
[3.541s] DEBUG:colcon.colcon_core.event_handler.log_command:Invoked command in '/home/leroy7/ros_ws/src/testing' returned '0': PYTHONPATH=/home/leroy7/ros_ws/build/testing/prefix_override:/home/leroy7/ros_ws/install/testing/lib/python3.10/site-packages:${PYTHONPATH} /usr/bin/python3 setup.py egg_info --egg-base ../../build/testing build --build-base /home/leroy7/ros_ws/build/testing/build install --record /home/leroy7/ros_ws/build/testing/install.log --single-version-externally-managed
[3.541s] Level 1:colcon.colcon_core.environment:checking '/home/leroy7/ros_ws/install/testing' for CMake config files
[3.542s] Level 1:colcon.colcon_core.environment:checking '/home/leroy7/ros_ws/install/testing/lib'
[3.542s] Level 1:colcon.colcon_core.environment:checking '/home/leroy7/ros_ws/install/testing/bin'
[3.542s] Level 1:colcon.colcon_core.environment:checking '/home/leroy7/ros_ws/install/testing/lib/pkgconfig/testing.pc'
[3.542s] Level 1:colcon.colcon_core.environment:checking '/home/leroy7/ros_ws/install/testing/lib/python3.10/site-packages'
[3.542s] Level 1:colcon.colcon_core.shell:create_environment_hook('testing', 'pythonpath')
[3.544s] INFO:colcon.colcon_core.shell:Creating environment hook '/home/leroy7/ros_ws/install/testing/share/testing/hook/pythonpath.ps1'
[3.544s] INFO:colcon.colcon_core.shell:Creating environment descriptor '/home/leroy7/ros_ws/install/testing/share/testing/hook/pythonpath.dsv'
[3.544s] INFO:colcon.colcon_core.shell:Creating environment hook '/home/leroy7/ros_ws/install/testing/share/testing/hook/pythonpath.sh'
[3.545s] Level 1:colcon.colcon_core.environment:checking '/home/leroy7/ros_ws/install/testing/bin'
[3.545s] Level 1:colcon.colcon_core.environment:create_environment_scripts_only(testing)
[3.546s] INFO:colcon.colcon_core.shell:Creating package script '/home/leroy7/ros_ws/install/testing/share/testing/package.ps1'
[3.547s] INFO:colcon.colcon_core.shell:Creating package descriptor '/home/leroy7/ros_ws/install/testing/share/testing/package.dsv'
[3.547s] INFO:colcon.colcon_core.shell:Creating package script '/home/leroy7/ros_ws/install/testing/share/testing/package.sh'
[3.548s] INFO:colcon.colcon_core.shell:Creating package script '/home/leroy7/ros_ws/install/testing/share/testing/package.bash'
[3.549s] INFO:colcon.colcon_core.shell:Creating package script '/home/leroy7/ros_ws/install/testing/share/testing/package.zsh'
[3.549s] Level 1:colcon.colcon_core.environment:create_file_with_runtime_dependencies(/home/leroy7/ros_ws/install/testing/share/colcon-core/packages/testing)
[3.552s] Level 1:colcon.colcon_core.environment:checking '/home/leroy7/ros_ws/install/GPS' for CMake module files
[3.554s] Level 1:colcon.colcon_core.environment:checking '/home/leroy7/ros_ws/install/GPS' for CMake config files
[3.555s] DEBUG:colcon.colcon_core.event_handler.log_command:Invoked command in '/home/leroy7/ros_ws/src/GPS' returned '0': PYTHONPATH=/home/leroy7/ros_ws/build/GPS/prefix_override:/home/leroy7/ros_ws/install/GPS/lib/python3.10/site-packages:${PYTHONPATH} /usr/bin/python3 setup.py egg_info --egg-base ../../build/GPS build --build-base /home/leroy7/ros_ws/build/GPS/build install --record /home/leroy7/ros_ws/build/GPS/install.log --single-version-externally-managed
[3.556s] Level 1:colcon.colcon_core.environment:checking '/home/leroy7/ros_ws/install/GPS/lib'
[3.556s] Level 1:colcon.colcon_core.environment:checking '/home/leroy7/ros_ws/install/GPS/bin'
[3.556s] Level 1:colcon.colcon_core.environment:checking '/home/leroy7/ros_ws/install/GPS/lib/pkgconfig/GPS.pc'
[3.556s] Level 1:colcon.colcon_core.environment:checking '/home/leroy7/ros_ws/install/GPS/lib/python3.10/site-packages'
[3.556s] Level 1:colcon.colcon_core.shell:create_environment_hook('GPS', 'pythonpath')
[3.558s] INFO:colcon.colcon_core.shell:Creating environment hook '/home/leroy7/ros_ws/install/GPS/share/GPS/hook/pythonpath.ps1'
[3.558s] INFO:colcon.colcon_core.shell:Creating environment descriptor '/home/leroy7/ros_ws/install/GPS/share/GPS/hook/pythonpath.dsv'
[3.558s] INFO:colcon.colcon_core.shell:Creating environment hook '/home/leroy7/ros_ws/install/GPS/share/GPS/hook/pythonpath.sh'
[3.559s] Level 1:colcon.colcon_core.environment:checking '/home/leroy7/ros_ws/install/GPS/bin'
[3.559s] Level 1:colcon.colcon_core.environment:create_environment_scripts_only(GPS)
[3.561s] INFO:colcon.colcon_core.shell:Creating package script '/home/leroy7/ros_ws/install/GPS/share/GPS/package.ps1'
[3.562s] INFO:colcon.colcon_core.shell:Creating package descriptor '/home/leroy7/ros_ws/install/GPS/share/GPS/package.dsv'
[3.562s] INFO:colcon.colcon_core.shell:Creating package script '/home/leroy7/ros_ws/install/GPS/share/GPS/package.sh'
[3.562s] INFO:colcon.colcon_core.shell:Creating package script '/home/leroy7/ros_ws/install/GPS/share/GPS/package.bash'
[3.563s] INFO:colcon.colcon_core.shell:Creating package script '/home/leroy7/ros_ws/install/GPS/share/GPS/package.zsh'
[3.563s] Level 1:colcon.colcon_core.environment:create_file_with_runtime_dependencies(/home/leroy7/ros_ws/install/GPS/share/colcon-core/packages/GPS)
[3.564s] DEBUG:colcon.colcon_parallel_executor.executor.parallel:closing loop
[3.566s] DEBUG:colcon.colcon_parallel_executor.executor.parallel:loop closed
[3.566s] DEBUG:colcon.colcon_parallel_executor.executor.parallel:run_until_complete finished with '0'
[3.566s] DEBUG:colcon.colcon_core.event_reactor:joining thread
[3.667s] INFO:colcon.colcon_core.plugin_system:Skipping extension 'colcon_notification.desktop_notification.notify_send': Could not find 'notify-send'
[3.667s] INFO:colcon.colcon_core.plugin_system:Skipping extension 'colcon_notification.desktop_notification.terminal_notifier': Not used on non-Darwin systems
[3.667s] INFO:colcon.colcon_core.plugin_system:Skipping extension 'colcon_notification.desktop_notification.win32': Not used on non-Windows systems
[3.667s] INFO:colcon.colcon_notification.desktop_notification:Sending desktop notification using 'notify2'
[3.669s] DEBUG:colcon.colcon_notification.desktop_notification.notify2:Failed to initialize notify2: org.freedesktop.DBus.Error.ServiceUnknown: The name org.freedesktop.Notifications was not provided by any .service files
[3.669s] DEBUG:colcon.colcon_core.event_reactor:joined thread
[3.670s] INFO:colcon.colcon_core.shell:Creating prefix script '/home/leroy7/ros_ws/install/local_setup.ps1'
[3.671s] INFO:colcon.colcon_core.shell:Creating prefix util module '/home/leroy7/ros_ws/install/_local_setup_util_ps1.py'
[3.673s] INFO:colcon.colcon_core.shell:Creating prefix chain script '/home/leroy7/ros_ws/install/setup.ps1'
[3.675s] INFO:colcon.colcon_core.shell:Creating prefix script '/home/leroy7/ros_ws/install/local_setup.sh'
[3.676s] INFO:colcon.colcon_core.shell:Creating prefix util module '/home/leroy7/ros_ws/install/_local_setup_util_sh.py'
[3.677s] INFO:colcon.colcon_core.shell:Creating prefix chain script '/home/leroy7/ros_ws/install/setup.sh'
[3.679s] INFO:colcon.colcon_core.shell:Creating prefix script '/home/leroy7/ros_ws/install/local_setup.bash'
[3.680s] INFO:colcon.colcon_core.shell:Creating prefix chain script '/home/leroy7/ros_ws/install/setup.bash'
[3.682s] INFO:colcon.colcon_core.shell:Creating prefix script '/home/leroy7/ros_ws/install/local_setup.zsh'
[3.683s] INFO:colcon.colcon_core.shell:Creating prefix chain script '/home/leroy7/ros_ws/install/setup.zsh'
