[0.000000] (-) TimerEvent: {}
[0.000625] (GPS) JobQueued: {'identifier': 'GPS', 'dependencies': OrderedDict()}
[0.000685] (Navigation) JobQueued: {'identifier': 'Navigation', 'dependencies': OrderedDict()}
[0.000714] (interfaces) JobQueued: {'identifier': 'interfaces', 'dependencies': OrderedDict()}
[0.001986] (testing) JobQueued: {'identifier': 'testing', 'dependencies': OrderedDict()}
[0.002070] (GPS) JobStarted: {'identifier': 'GPS'}
[0.022686] (Navigation) JobStarted: {'identifier': 'Navigation'}
[0.034909] (interfaces) JobStarted: {'identifier': 'interfaces'}
[0.049406] (testing) JobStarted: {'identifier': 'testing'}
[0.099351] (-) TimerEvent: {}
[0.199815] (-) TimerEvent: {}
[0.300223] (-) TimerEvent: {}
[0.400739] (-) TimerEvent: {}
[0.501128] (-) TimerEvent: {}
[0.601519] (-) TimerEvent: {}
[0.701920] (-) TimerEvent: {}
[0.761306] (Navigation) StderrLine: {'line': b'Traceback (most recent call last):\n  File "/usr/lib/python3/dist-packages/colcon_core/executor/__init__.py", line 91, in __call__\n    rc = await self.task(*args, **kwargs)\n  File "/usr/lib/python3/dist-packages/colcon_core/task/__init__.py", line 93, in __call__\n    return await task_method(*args, **kwargs)\n  File "/usr/lib/python3/dist-packages/colcon_ros/task/ament_python/build.py", line 51, in build\n    setup_py_data = get_setup_data(self.context.pkg, env)\n  File "/usr/lib/python3/dist-packages/colcon_core/task/python/__init__.py", line 20, in get_setup_data\n    return dict(pkg.metadata[key](env))\n  File "/usr/lib/python3/dist-packages/colcon_ros/package_augmentation/ros_ament_python.py", line 57, in getter\n    return get_setup_information(\n  File "/usr/lib/python3/dist-packages/colcon_python_setup_py/package_identification/python_setup_py.py", line 241, in get_setup_information\n    _setup_information_cache[hashable_env] = _get_setup_information(\n  File "/usr/lib/python3/dist-packages/colcon_python_setup_py/package_identification/python_setup_py.py", line 288, in _get_setup_information\n    result = subprocess.run(\n  File "/usr/lib/python3.10/subprocess.py", line 526, in run\n    raise CalledProcessError(retcode, process.args,\nsubprocess.CalledProcessError: Command \'[\'/usr/bin/python3\', \'-c\', \'import sys;from contextlib import suppress;exec("with suppress(ImportError):    from setuptools.extern.packaging.specifiers    import SpecifierSet");exec("with suppress(ImportError):    from packaging.specifiers import SpecifierSet");from distutils.core import run_setup;dist = run_setup(    \\\'setup.py\\\', script_args=(\\\'--dry-run\\\',), stop_after=\\\'config\\\');skip_keys = (\\\'cmdclass\\\', \\\'distclass\\\', \\\'ext_modules\\\', \\\'metadata\\\');data = {    key: value for key, value in dist.__dict__.items()     if (        not key.startswith(\\\'_\\\') and         not callable(value) and         key not in skip_keys and         key not in dist.display_option_names    )};data[\\\'metadata\\\'] = {    k: v for k, v in dist.metadata.__dict__.items()     if k not in (\\\'license_files\\\', \\\'provides_extras\\\')};sys.stdout.buffer.write(repr(data).encode(\\\'utf-8\\\'))\']\' returned non-zero exit status 1.\n'}
[0.765917] (Navigation) JobEnded: {'identifier': 'Navigation', 'rc': 1}
[0.802106] (-) TimerEvent: {}
[0.902574] (-) TimerEvent: {}
[1.003007] (-) TimerEvent: {}
[1.103474] (-) TimerEvent: {}
[1.151660] (GPS) JobEnded: {'identifier': 'GPS', 'rc': 'SIGINT'}
[1.153022] (testing) JobEnded: {'identifier': 'testing', 'rc': 'SIGINT'}
[1.153379] (interfaces) JobEnded: {'identifier': 'interfaces', 'rc': 'SIGINT'}
[1.163664] (-) EventReactorShutdown: {}
