[1.421s] Invoking command in '/home/leroy7/ros_ws/src/GPS': PYTHONPATH=/home/leroy7/ros_ws/build/GPS/prefix_override:/home/leroy7/ros_ws/install/GPS/lib/python3.10/site-packages:${PYTHONPATH} /usr/bin/python3 setup.py egg_info --egg-base ../../build/GPS build --build-base /home/leroy7/ros_ws/build/GPS/build install --record /home/leroy7/ros_ws/build/GPS/install.log --single-version-externally-managed
[1.750s] running egg_info
[1.751s] writing ../../build/GPS/GPS.egg-info/PKG-INFO
[1.751s] writing dependency_links to ../../build/GPS/GPS.egg-info/dependency_links.txt
[1.751s] writing entry points to ../../build/GPS/GPS.egg-info/entry_points.txt
[1.751s] writing requirements to ../../build/GPS/GPS.egg-info/requires.txt
[1.752s] writing top-level names to ../../build/GPS/GPS.egg-info/top_level.txt
[1.756s] reading manifest file '../../build/GPS/GPS.egg-info/SOURCES.txt'
[1.761s] writing manifest file '../../build/GPS/GPS.egg-info/SOURCES.txt'
[1.761s] running build
[1.761s] running build_py
[1.761s] running install
[1.763s] running install_lib
[1.764s] running install_data
[1.766s] running install_egg_info
[1.768s] removing '/home/leroy7/ros_ws/install/GPS/lib/python3.10/site-packages/GPS-0.0.0-py3.10.egg-info' (and everything under it)
[1.771s] Copying ../../build/GPS/GPS.egg-info to /home/leroy7/ros_ws/install/GPS/lib/python3.10/site-packages/GPS-0.0.0-py3.10.egg-info
[1.773s] running install_scripts
[1.807s] writing list of installed files to '/home/leroy7/ros_ws/build/GPS/install.log'
[1.884s] Invoked command in '/home/leroy7/ros_ws/src/GPS' returned '0': PYTHONPATH=/home/leroy7/ros_ws/build/GPS/prefix_override:/home/leroy7/ros_ws/install/GPS/lib/python3.10/site-packages:${PYTHONPATH} /usr/bin/python3 setup.py egg_info --egg-base ../../build/GPS build --build-base /home/leroy7/ros_ws/build/GPS/build install --record /home/leroy7/ros_ws/build/GPS/install.log --single-version-externally-managed
