[0.740s] DEBUG:colcon:Command line arguments: ['/usr/bin/colcon', 'build']
[0.740s] DEBUG:colcon:Parsed command line arguments: Namespace(log_base=None, log_level=None, verb_name='build', build_base='build', install_base='install', merge_install=False, symlink_install=False, test_result_base=None, continue_on_error=False, executor='parallel', parallel_workers=8, event_handlers=None, ignore_user_meta=False, metas=['./colcon.meta'], base_paths=['.'], packages_ignore=None, packages_ignore_regex=None, paths=None, packages_up_to=None, packages_up_to_regex=None, packages_above=None, packages_above_and_dependencies=None, packages_above_depth=None, packages_select_by_dep=None, packages_skip_by_dep=None, packages_skip_up_to=None, packages_select_build_failed=False, packages_skip_build_finished=False, packages_select_test_failures=False, packages_skip_test_passed=False, packages_select=None, packages_skip=None, packages_select_regex=None, packages_skip_regex=None, packages_start=None, packages_end=None, allow_overriding=[], cmake_args=None, cmake_target=None, cmake_target_skip_unavailable=False, cmake_clean_cache=False, cmake_clean_first=False, cmake_force_configure=False, ament_cmake_args=None, catkin_cmake_args=None, catkin_skip_building_tests=False, verb_parser=<colcon_defaults.argument_parser.defaults.DefaultArgumentsDecorator object at 0x7f8a596b18d0>, verb_extension=<colcon_core.verb.build.BuildVerb object at 0x7f8a596b1360>, main=<bound method BuildVerb.main of <colcon_core.verb.build.BuildVerb object at 0x7f8a596b1360>>)
[0.768s] Level 1:colcon.colcon_core.package_discovery:discover_packages(colcon_meta) check parameters
[0.768s] Level 1:colcon.colcon_core.package_discovery:discover_packages(recursive) check parameters
[0.768s] Level 1:colcon.colcon_core.package_discovery:discover_packages(ignore) check parameters
[0.768s] Level 1:colcon.colcon_core.package_discovery:discover_packages(path) check parameters
[0.768s] Level 1:colcon.colcon_core.package_discovery:discover_packages(colcon_meta) discover
[0.768s] Level 1:colcon.colcon_core.package_discovery:discover_packages(recursive) discover
[0.768s] INFO:colcon.colcon_core.package_discovery:Crawling recursively for packages in '/home/leroy7/ros_ws'
[0.768s] Level 1:colcon.colcon_core.package_identification:_identify(.) by extensions ['ignore', 'ignore_ament_install']
[0.768s] Level 1:colcon.colcon_core.package_identification:_identify(.) by extension 'ignore'
[0.768s] Level 1:colcon.colcon_core.package_identification:_identify(.) by extension 'ignore_ament_install'
[0.768s] Level 1:colcon.colcon_core.package_identification:_identify(.) by extensions ['colcon_pkg']
[0.769s] Level 1:colcon.colcon_core.package_identification:_identify(.) by extension 'colcon_pkg'
[0.769s] Level 1:colcon.colcon_core.package_identification:_identify(.) by extensions ['colcon_meta']
[0.769s] Level 1:colcon.colcon_core.package_identification:_identify(.) by extension 'colcon_meta'
[0.769s] Level 1:colcon.colcon_core.package_identification:_identify(.) by extensions ['ros']
[0.769s] Level 1:colcon.colcon_core.package_identification:_identify(.) by extension 'ros'
[0.783s] Level 1:colcon.colcon_core.package_identification:_identify(.) by extensions ['cmake', 'python']
[0.783s] Level 1:colcon.colcon_core.package_identification:_identify(.) by extension 'cmake'
[0.783s] Level 1:colcon.colcon_core.package_identification:_identify(.) by extension 'python'
[0.783s] Level 1:colcon.colcon_core.package_identification:_identify(.) by extensions ['python_setup_py']
[0.783s] Level 1:colcon.colcon_core.package_identification:_identify(.) by extension 'python_setup_py'
[0.783s] Level 1:colcon.colcon_core.package_identification:_identify(build) by extensions ['ignore', 'ignore_ament_install']
[0.784s] Level 1:colcon.colcon_core.package_identification:_identify(build) by extension 'ignore'
[0.784s] Level 1:colcon.colcon_core.package_identification:_identify(build) ignored
[0.784s] Level 1:colcon.colcon_core.package_identification:_identify(install) by extensions ['ignore', 'ignore_ament_install']
[0.784s] Level 1:colcon.colcon_core.package_identification:_identify(install) by extension 'ignore'
[0.784s] Level 1:colcon.colcon_core.package_identification:_identify(install) ignored
[0.784s] Level 1:colcon.colcon_core.package_identification:_identify(log) by extensions ['ignore', 'ignore_ament_install']
[0.784s] Level 1:colcon.colcon_core.package_identification:_identify(log) by extension 'ignore'
[0.784s] Level 1:colcon.colcon_core.package_identification:_identify(log) ignored
[0.785s] Level 1:colcon.colcon_core.package_identification:_identify(src) by extensions ['ignore', 'ignore_ament_install']
[0.785s] Level 1:colcon.colcon_core.package_identification:_identify(src) by extension 'ignore'
[0.785s] Level 1:colcon.colcon_core.package_identification:_identify(src) by extension 'ignore_ament_install'
[0.785s] Level 1:colcon.colcon_core.package_identification:_identify(src) by extensions ['colcon_pkg']
[0.785s] Level 1:colcon.colcon_core.package_identification:_identify(src) by extension 'colcon_pkg'
[0.785s] Level 1:colcon.colcon_core.package_identification:_identify(src) by extensions ['colcon_meta']
[0.785s] Level 1:colcon.colcon_core.package_identification:_identify(src) by extension 'colcon_meta'
[0.785s] Level 1:colcon.colcon_core.package_identification:_identify(src) by extensions ['ros']
[0.785s] Level 1:colcon.colcon_core.package_identification:_identify(src) by extension 'ros'
[0.785s] Level 1:colcon.colcon_core.package_identification:_identify(src) by extensions ['cmake', 'python']
[0.785s] Level 1:colcon.colcon_core.package_identification:_identify(src) by extension 'cmake'
[0.785s] Level 1:colcon.colcon_core.package_identification:_identify(src) by extension 'python'
[0.785s] Level 1:colcon.colcon_core.package_identification:_identify(src) by extensions ['python_setup_py']
[0.785s] Level 1:colcon.colcon_core.package_identification:_identify(src) by extension 'python_setup_py'
[0.786s] Level 1:colcon.colcon_core.package_identification:_identify(src/GPS) by extensions ['ignore', 'ignore_ament_install']
[0.786s] Level 1:colcon.colcon_core.package_identification:_identify(src/GPS) by extension 'ignore'
[0.786s] Level 1:colcon.colcon_core.package_identification:_identify(src/GPS) by extension 'ignore_ament_install'
[0.786s] Level 1:colcon.colcon_core.package_identification:_identify(src/GPS) by extensions ['colcon_pkg']
[0.786s] Level 1:colcon.colcon_core.package_identification:_identify(src/GPS) by extension 'colcon_pkg'
[0.786s] Level 1:colcon.colcon_core.package_identification:_identify(src/GPS) by extensions ['colcon_meta']
[0.786s] Level 1:colcon.colcon_core.package_identification:_identify(src/GPS) by extension 'colcon_meta'
[0.786s] Level 1:colcon.colcon_core.package_identification:_identify(src/GPS) by extensions ['ros']
[0.786s] Level 1:colcon.colcon_core.package_identification:_identify(src/GPS) by extension 'ros'
[0.791s] DEBUG:colcon.colcon_core.package_identification:Package 'src/GPS' with type 'ros.ament_python' and name 'GPS'
[0.791s] Level 1:colcon.colcon_core.package_identification:_identify(src/Navigation) by extensions ['ignore', 'ignore_ament_install']
[0.791s] Level 1:colcon.colcon_core.package_identification:_identify(src/Navigation) by extension 'ignore'
[0.791s] Level 1:colcon.colcon_core.package_identification:_identify(src/Navigation) by extension 'ignore_ament_install'
[0.791s] Level 1:colcon.colcon_core.package_identification:_identify(src/Navigation) by extensions ['colcon_pkg']
[0.791s] Level 1:colcon.colcon_core.package_identification:_identify(src/Navigation) by extension 'colcon_pkg'
[0.792s] Level 1:colcon.colcon_core.package_identification:_identify(src/Navigation) by extensions ['colcon_meta']
[0.792s] Level 1:colcon.colcon_core.package_identification:_identify(src/Navigation) by extension 'colcon_meta'
[0.792s] Level 1:colcon.colcon_core.package_identification:_identify(src/Navigation) by extensions ['ros']
[0.792s] Level 1:colcon.colcon_core.package_identification:_identify(src/Navigation) by extension 'ros'
[0.793s] DEBUG:colcon.colcon_core.package_identification:Package 'src/Navigation' with type 'ros.ament_python' and name 'Navigation'
[0.793s] Level 1:colcon.colcon_core.package_identification:_identify(src/interfaces) by extensions ['ignore', 'ignore_ament_install']
[0.793s] Level 1:colcon.colcon_core.package_identification:_identify(src/interfaces) by extension 'ignore'
[0.793s] Level 1:colcon.colcon_core.package_identification:_identify(src/interfaces) by extension 'ignore_ament_install'
[0.793s] Level 1:colcon.colcon_core.package_identification:_identify(src/interfaces) by extensions ['colcon_pkg']
[0.793s] Level 1:colcon.colcon_core.package_identification:_identify(src/interfaces) by extension 'colcon_pkg'
[0.793s] Level 1:colcon.colcon_core.package_identification:_identify(src/interfaces) by extensions ['colcon_meta']
[0.793s] Level 1:colcon.colcon_core.package_identification:_identify(src/interfaces) by extension 'colcon_meta'
[0.793s] Level 1:colcon.colcon_core.package_identification:_identify(src/interfaces) by extensions ['ros']
[0.793s] Level 1:colcon.colcon_core.package_identification:_identify(src/interfaces) by extension 'ros'
[0.794s] DEBUG:colcon.colcon_core.package_identification:Package 'src/interfaces' with type 'ros.ament_python' and name 'interfaces'
[0.794s] Level 1:colcon.colcon_core.package_identification:_identify(src/testing) by extensions ['ignore', 'ignore_ament_install']
[0.794s] Level 1:colcon.colcon_core.package_identification:_identify(src/testing) by extension 'ignore'
[0.794s] Level 1:colcon.colcon_core.package_identification:_identify(src/testing) by extension 'ignore_ament_install'
[0.794s] Level 1:colcon.colcon_core.package_identification:_identify(src/testing) by extensions ['colcon_pkg']
[0.794s] Level 1:colcon.colcon_core.package_identification:_identify(src/testing) by extension 'colcon_pkg'
[0.795s] Level 1:colcon.colcon_core.package_identification:_identify(src/testing) by extensions ['colcon_meta']
[0.795s] Level 1:colcon.colcon_core.package_identification:_identify(src/testing) by extension 'colcon_meta'
[0.795s] Level 1:colcon.colcon_core.package_identification:_identify(src/testing) by extensions ['ros']
[0.795s] Level 1:colcon.colcon_core.package_identification:_identify(src/testing) by extension 'ros'
[0.795s] DEBUG:colcon.colcon_core.package_identification:Package 'src/testing' with type 'ros.ament_python' and name 'testing'
[0.795s] Level 1:colcon.colcon_core.package_discovery:discover_packages(recursive) using defaults
[0.795s] Level 1:colcon.colcon_core.package_discovery:discover_packages(ignore) discover
[0.795s] Level 1:colcon.colcon_core.package_discovery:discover_packages(ignore) using defaults
[0.796s] Level 1:colcon.colcon_core.package_discovery:discover_packages(path) discover
[0.796s] Level 1:colcon.colcon_core.package_discovery:discover_packages(path) using defaults
[0.839s] Level 1:colcon.colcon_core.package_discovery:discover_packages(prefix_path) check parameters
[0.839s] Level 1:colcon.colcon_core.package_discovery:discover_packages(prefix_path) discover
[0.843s] DEBUG:colcon.colcon_installed_package_information.package_discovery:Found 0 installed packages in /home/leroy7/ros_ws/install
[0.846s] DEBUG:colcon.colcon_installed_package_information.package_discovery:Found 270 installed packages in /opt/ros/humble
[0.848s] Level 1:colcon.colcon_core.package_discovery:discover_packages(prefix_path) using defaults
[0.944s] Level 5:colcon.colcon_core.verb:set package 'GPS' build argument 'cmake_args' from command line to 'None'
[0.944s] Level 5:colcon.colcon_core.verb:set package 'GPS' build argument 'cmake_target' from command line to 'None'
[0.944s] Level 5:colcon.colcon_core.verb:set package 'GPS' build argument 'cmake_target_skip_unavailable' from command line to 'False'
[0.944s] Level 5:colcon.colcon_core.verb:set package 'GPS' build argument 'cmake_clean_cache' from command line to 'False'
[0.944s] Level 5:colcon.colcon_core.verb:set package 'GPS' build argument 'cmake_clean_first' from command line to 'False'
[0.945s] Level 5:colcon.colcon_core.verb:set package 'GPS' build argument 'cmake_force_configure' from command line to 'False'
[0.945s] Level 5:colcon.colcon_core.verb:set package 'GPS' build argument 'ament_cmake_args' from command line to 'None'
[0.945s] Level 5:colcon.colcon_core.verb:set package 'GPS' build argument 'catkin_cmake_args' from command line to 'None'
[0.945s] Level 5:colcon.colcon_core.verb:set package 'GPS' build argument 'catkin_skip_building_tests' from command line to 'False'
[0.945s] DEBUG:colcon.colcon_core.verb:Building package 'GPS' with the following arguments: {'ament_cmake_args': None, 'build_base': '/home/leroy7/ros_ws/build/GPS', 'catkin_cmake_args': None, 'catkin_skip_building_tests': False, 'cmake_args': None, 'cmake_clean_cache': False, 'cmake_clean_first': False, 'cmake_force_configure': False, 'cmake_target': None, 'cmake_target_skip_unavailable': False, 'install_base': '/home/leroy7/ros_ws/install/GPS', 'merge_install': False, 'path': '/home/leroy7/ros_ws/src/GPS', 'symlink_install': False, 'test_result_base': None}
[0.946s] Level 5:colcon.colcon_core.verb:set package 'Navigation' build argument 'cmake_args' from command line to 'None'
[0.946s] Level 5:colcon.colcon_core.verb:set package 'Navigation' build argument 'cmake_target' from command line to 'None'
[0.946s] Level 5:colcon.colcon_core.verb:set package 'Navigation' build argument 'cmake_target_skip_unavailable' from command line to 'False'
[0.946s] Level 5:colcon.colcon_core.verb:set package 'Navigation' build argument 'cmake_clean_cache' from command line to 'False'
[0.946s] Level 5:colcon.colcon_core.verb:set package 'Navigation' build argument 'cmake_clean_first' from command line to 'False'
[0.947s] Level 5:colcon.colcon_core.verb:set package 'Navigation' build argument 'cmake_force_configure' from command line to 'False'
[0.947s] Level 5:colcon.colcon_core.verb:set package 'Navigation' build argument 'ament_cmake_args' from command line to 'None'
[0.947s] Level 5:colcon.colcon_core.verb:set package 'Navigation' build argument 'catkin_cmake_args' from command line to 'None'
[0.947s] Level 5:colcon.colcon_core.verb:set package 'Navigation' build argument 'catkin_skip_building_tests' from command line to 'False'
[0.947s] DEBUG:colcon.colcon_core.verb:Building package 'Navigation' with the following arguments: {'ament_cmake_args': None, 'build_base': '/home/leroy7/ros_ws/build/Navigation', 'catkin_cmake_args': None, 'catkin_skip_building_tests': False, 'cmake_args': None, 'cmake_clean_cache': False, 'cmake_clean_first': False, 'cmake_force_configure': False, 'cmake_target': None, 'cmake_target_skip_unavailable': False, 'install_base': '/home/leroy7/ros_ws/install/Navigation', 'merge_install': False, 'path': '/home/leroy7/ros_ws/src/Navigation', 'symlink_install': False, 'test_result_base': None}
[0.948s] Level 5:colcon.colcon_core.verb:set package 'interfaces' build argument 'cmake_args' from command line to 'None'
[0.948s] Level 5:colcon.colcon_core.verb:set package 'interfaces' build argument 'cmake_target' from command line to 'None'
[0.948s] Level 5:colcon.colcon_core.verb:set package 'interfaces' build argument 'cmake_target_skip_unavailable' from command line to 'False'
[0.948s] Level 5:colcon.colcon_core.verb:set package 'interfaces' build argument 'cmake_clean_cache' from command line to 'False'
[0.948s] Level 5:colcon.colcon_core.verb:set package 'interfaces' build argument 'cmake_clean_first' from command line to 'False'
[0.949s] Level 5:colcon.colcon_core.verb:set package 'interfaces' build argument 'cmake_force_configure' from command line to 'False'
[0.949s] Level 5:colcon.colcon_core.verb:set package 'interfaces' build argument 'ament_cmake_args' from command line to 'None'
[0.949s] Level 5:colcon.colcon_core.verb:set package 'interfaces' build argument 'catkin_cmake_args' from command line to 'None'
[0.949s] Level 5:colcon.colcon_core.verb:set package 'interfaces' build argument 'catkin_skip_building_tests' from command line to 'False'
[0.949s] DEBUG:colcon.colcon_core.verb:Building package 'interfaces' with the following arguments: {'ament_cmake_args': None, 'build_base': '/home/leroy7/ros_ws/build/interfaces', 'catkin_cmake_args': None, 'catkin_skip_building_tests': False, 'cmake_args': None, 'cmake_clean_cache': False, 'cmake_clean_first': False, 'cmake_force_configure': False, 'cmake_target': None, 'cmake_target_skip_unavailable': False, 'install_base': '/home/leroy7/ros_ws/install/interfaces', 'merge_install': False, 'path': '/home/leroy7/ros_ws/src/interfaces', 'symlink_install': False, 'test_result_base': None}
[0.950s] Level 5:colcon.colcon_core.verb:set package 'testing' build argument 'cmake_args' from command line to 'None'
[0.950s] Level 5:colcon.colcon_core.verb:set package 'testing' build argument 'cmake_target' from command line to 'None'
[0.950s] Level 5:colcon.colcon_core.verb:set package 'testing' build argument 'cmake_target_skip_unavailable' from command line to 'False'
[0.950s] Level 5:colcon.colcon_core.verb:set package 'testing' build argument 'cmake_clean_cache' from command line to 'False'
[0.950s] Level 5:colcon.colcon_core.verb:set package 'testing' build argument 'cmake_clean_first' from command line to 'False'
[0.950s] Level 5:colcon.colcon_core.verb:set package 'testing' build argument 'cmake_force_configure' from command line to 'False'
[0.950s] Level 5:colcon.colcon_core.verb:set package 'testing' build argument 'ament_cmake_args' from command line to 'None'
[0.951s] Level 5:colcon.colcon_core.verb:set package 'testing' build argument 'catkin_cmake_args' from command line to 'None'
[0.951s] Level 5:colcon.colcon_core.verb:set package 'testing' build argument 'catkin_skip_building_tests' from command line to 'False'
[0.951s] DEBUG:colcon.colcon_core.verb:Building package 'testing' with the following arguments: {'ament_cmake_args': None, 'build_base': '/home/leroy7/ros_ws/build/testing', 'catkin_cmake_args': None, 'catkin_skip_building_tests': False, 'cmake_args': None, 'cmake_clean_cache': False, 'cmake_clean_first': False, 'cmake_force_configure': False, 'cmake_target': None, 'cmake_target_skip_unavailable': False, 'install_base': '/home/leroy7/ros_ws/install/testing', 'merge_install': False, 'path': '/home/leroy7/ros_ws/src/testing', 'symlink_install': False, 'test_result_base': None}
[0.952s] INFO:colcon.colcon_core.executor:Executing jobs using 'parallel' executor
[0.966s] DEBUG:colcon.colcon_parallel_executor.executor.parallel:run_until_complete
[0.966s] INFO:colcon.colcon_ros.task.ament_python.build:Building ROS package in '/home/leroy7/ros_ws/src/GPS' with build type 'ament_python'
[0.967s] Level 1:colcon.colcon_core.shell:create_environment_hook('GPS', 'ament_prefix_path')
[0.975s] INFO:colcon.colcon_core.plugin_system:Skipping extension 'colcon_core.shell.bat': Not used on non-Windows systems
[0.975s] INFO:colcon.colcon_core.shell:Creating environment hook '/home/leroy7/ros_ws/install/GPS/share/GPS/hook/ament_prefix_path.ps1'
[0.977s] INFO:colcon.colcon_core.shell:Creating environment descriptor '/home/leroy7/ros_ws/install/GPS/share/GPS/hook/ament_prefix_path.dsv'
[0.978s] INFO:colcon.colcon_core.shell:Creating environment hook '/home/leroy7/ros_ws/install/GPS/share/GPS/hook/ament_prefix_path.sh'
[0.983s] INFO:colcon.colcon_core.shell:Skip shell extension 'powershell' for command environment: Not usable outside of PowerShell
[0.984s] DEBUG:colcon.colcon_core.shell:Skip shell extension 'dsv' for command environment
[1.002s] INFO:colcon.colcon_ros.task.ament_python.build:Building ROS package in '/home/leroy7/ros_ws/src/Navigation' with build type 'ament_python'
[1.002s] Level 1:colcon.colcon_core.shell:create_environment_hook('Navigation', 'ament_prefix_path')
[1.008s] INFO:colcon.colcon_core.shell:Creating environment hook '/home/leroy7/ros_ws/install/Navigation/share/Navigation/hook/ament_prefix_path.ps1'
[1.011s] INFO:colcon.colcon_core.shell:Creating environment descriptor '/home/leroy7/ros_ws/install/Navigation/share/Navigation/hook/ament_prefix_path.dsv'
[1.012s] INFO:colcon.colcon_core.shell:Creating environment hook '/home/leroy7/ros_ws/install/Navigation/share/Navigation/hook/ament_prefix_path.sh'
[1.021s] INFO:colcon.colcon_core.shell:Skip shell extension 'powershell' for command environment: Not usable outside of PowerShell
[1.022s] DEBUG:colcon.colcon_core.shell:Skip shell extension 'dsv' for command environment
[1.037s] INFO:colcon.colcon_ros.task.ament_python.build:Building ROS package in '/home/leroy7/ros_ws/src/interfaces' with build type 'ament_python'
[1.037s] Level 1:colcon.colcon_core.shell:create_environment_hook('interfaces', 'ament_prefix_path')
[1.047s] INFO:colcon.colcon_core.shell:Creating environment hook '/home/leroy7/ros_ws/install/interfaces/share/interfaces/hook/ament_prefix_path.ps1'
[1.049s] INFO:colcon.colcon_core.shell:Creating environment descriptor '/home/leroy7/ros_ws/install/interfaces/share/interfaces/hook/ament_prefix_path.dsv'
[1.050s] INFO:colcon.colcon_core.shell:Creating environment hook '/home/leroy7/ros_ws/install/interfaces/share/interfaces/hook/ament_prefix_path.sh'
[1.059s] INFO:colcon.colcon_core.shell:Skip shell extension 'powershell' for command environment: Not usable outside of PowerShell
[1.059s] DEBUG:colcon.colcon_core.shell:Skip shell extension 'dsv' for command environment
[1.082s] INFO:colcon.colcon_ros.task.ament_python.build:Building ROS package in '/home/leroy7/ros_ws/src/testing' with build type 'ament_python'
[1.083s] Level 1:colcon.colcon_core.shell:create_environment_hook('testing', 'ament_prefix_path')
[1.088s] INFO:colcon.colcon_core.shell:Creating environment hook '/home/leroy7/ros_ws/install/testing/share/testing/hook/ament_prefix_path.ps1'
[1.093s] INFO:colcon.colcon_core.shell:Creating environment descriptor '/home/leroy7/ros_ws/install/testing/share/testing/hook/ament_prefix_path.dsv'
[1.095s] INFO:colcon.colcon_core.shell:Creating environment hook '/home/leroy7/ros_ws/install/testing/share/testing/hook/ament_prefix_path.sh'
[1.100s] INFO:colcon.colcon_core.shell:Skip shell extension 'powershell' for command environment: Not usable outside of PowerShell
[1.101s] DEBUG:colcon.colcon_core.shell:Skip shell extension 'dsv' for command environment
[1.743s] INFO:colcon.colcon_core.task.python.build:Building Python package in '/home/leroy7/ros_ws/src/GPS'
[1.745s] INFO:colcon.colcon_core.shell:Skip shell extension 'powershell' for command environment: Not usable outside of PowerShell
[1.745s] DEBUG:colcon.colcon_core.shell:Skip shell extension 'dsv' for command environment
[2.508s] INFO:colcon.colcon_core.task.python.build:Building Python package in '/home/leroy7/ros_ws/src/Navigation'
[2.514s] INFO:colcon.colcon_core.shell:Skip shell extension 'powershell' for command environment: Not usable outside of PowerShell
[2.514s] DEBUG:colcon.colcon_core.shell:Skip shell extension 'dsv' for command environment
[3.216s] INFO:colcon.colcon_core.task.python.build:Building Python package in '/home/leroy7/ros_ws/src/interfaces'
[3.219s] INFO:colcon.colcon_core.shell:Skip shell extension 'powershell' for command environment: Not usable outside of PowerShell
[3.220s] DEBUG:colcon.colcon_core.shell:Skip shell extension 'dsv' for command environment
[3.946s] INFO:colcon.colcon_core.task.python.build:Building Python package in '/home/leroy7/ros_ws/src/testing'
[3.949s] INFO:colcon.colcon_core.shell:Skip shell extension 'powershell' for command environment: Not usable outside of PowerShell
[3.949s] DEBUG:colcon.colcon_core.shell:Skip shell extension 'dsv' for command environment
[4.823s] DEBUG:colcon.colcon_core.event_handler.log_command:Invoking command in '/home/leroy7/ros_ws/src/GPS': PYTHONPATH=/home/leroy7/ros_ws/build/GPS/prefix_override:/home/leroy7/ros_ws/install/GPS/lib/python3.10/site-packages:${PYTHONPATH} /usr/bin/python3 setup.py egg_info --egg-base ../../build/GPS build --build-base /home/leroy7/ros_ws/build/GPS/build install --record /home/leroy7/ros_ws/build/GPS/install.log --single-version-externally-managed
[4.841s] DEBUG:colcon.colcon_core.event_handler.log_command:Invoking command in '/home/leroy7/ros_ws/src/Navigation': PYTHONPATH=/home/leroy7/ros_ws/build/Navigation/prefix_override:/home/leroy7/ros_ws/install/Navigation/lib/python3.10/site-packages:${PYTHONPATH} /usr/bin/python3 setup.py egg_info --egg-base ../../build/Navigation build --build-base /home/leroy7/ros_ws/build/Navigation/build install --record /home/leroy7/ros_ws/build/Navigation/install.log --single-version-externally-managed
[4.869s] DEBUG:colcon.colcon_core.event_handler.log_command:Invoking command in '/home/leroy7/ros_ws/src/testing': PYTHONPATH=/home/leroy7/ros_ws/build/testing/prefix_override:/home/leroy7/ros_ws/install/testing/lib/python3.10/site-packages:${PYTHONPATH} /usr/bin/python3 setup.py egg_info --egg-base ../../build/testing build --build-base /home/leroy7/ros_ws/build/testing/build install --record /home/leroy7/ros_ws/build/testing/install.log --single-version-externally-managed
[4.871s] DEBUG:colcon.colcon_core.event_handler.log_command:Invoking command in '/home/leroy7/ros_ws/src/interfaces': PYTHONPATH=/home/leroy7/ros_ws/build/interfaces/prefix_override:/home/leroy7/ros_ws/install/interfaces/lib/python3.10/site-packages:${PYTHONPATH} /usr/bin/python3 setup.py egg_info --egg-base ../../build/interfaces build --build-base /home/leroy7/ros_ws/build/interfaces/build install --record /home/leroy7/ros_ws/build/interfaces/install.log --single-version-externally-managed
[5.386s] DEBUG:colcon.colcon_core.event_handler.log_command:Invoked command in '/home/leroy7/ros_ws/src/GPS' returned '0': PYTHONPATH=/home/leroy7/ros_ws/build/GPS/prefix_override:/home/leroy7/ros_ws/install/GPS/lib/python3.10/site-packages:${PYTHONPATH} /usr/bin/python3 setup.py egg_info --egg-base ../../build/GPS build --build-base /home/leroy7/ros_ws/build/GPS/build install --record /home/leroy7/ros_ws/build/GPS/install.log --single-version-externally-managed
[5.403s] Level 1:colcon.colcon_core.environment:checking '/home/leroy7/ros_ws/install/GPS' for CMake module files
[5.404s] Level 1:colcon.colcon_core.environment:checking '/home/leroy7/ros_ws/install/GPS' for CMake config files
[5.405s] Level 1:colcon.colcon_core.environment:checking '/home/leroy7/ros_ws/install/GPS/lib'
[5.405s] Level 1:colcon.colcon_core.environment:checking '/home/leroy7/ros_ws/install/GPS/bin'
[5.405s] Level 1:colcon.colcon_core.environment:checking '/home/leroy7/ros_ws/install/GPS/lib/pkgconfig/GPS.pc'
[5.405s] Level 1:colcon.colcon_core.environment:checking '/home/leroy7/ros_ws/install/GPS/lib/python3.10/site-packages'
[5.405s] Level 1:colcon.colcon_core.shell:create_environment_hook('GPS', 'pythonpath')
[5.407s] INFO:colcon.colcon_core.shell:Creating environment hook '/home/leroy7/ros_ws/install/GPS/share/GPS/hook/pythonpath.ps1'
[5.407s] INFO:colcon.colcon_core.shell:Creating environment descriptor '/home/leroy7/ros_ws/install/GPS/share/GPS/hook/pythonpath.dsv'
[5.408s] INFO:colcon.colcon_core.shell:Creating environment hook '/home/leroy7/ros_ws/install/GPS/share/GPS/hook/pythonpath.sh'
[5.409s] Level 1:colcon.colcon_core.environment:checking '/home/leroy7/ros_ws/install/GPS/bin'
[5.409s] Level 1:colcon.colcon_core.environment:create_environment_scripts_only(GPS)
[5.410s] INFO:colcon.colcon_core.shell:Creating package script '/home/leroy7/ros_ws/install/GPS/share/GPS/package.ps1'
[5.412s] INFO:colcon.colcon_core.shell:Creating package descriptor '/home/leroy7/ros_ws/install/GPS/share/GPS/package.dsv'
[5.413s] INFO:colcon.colcon_core.shell:Creating package script '/home/leroy7/ros_ws/install/GPS/share/GPS/package.sh'
[5.414s] INFO:colcon.colcon_core.shell:Creating package script '/home/leroy7/ros_ws/install/GPS/share/GPS/package.bash'
[5.415s] INFO:colcon.colcon_core.shell:Creating package script '/home/leroy7/ros_ws/install/GPS/share/GPS/package.zsh'
[5.416s] Level 1:colcon.colcon_core.environment:create_file_with_runtime_dependencies(/home/leroy7/ros_ws/install/GPS/share/colcon-core/packages/GPS)
[5.423s] Level 1:colcon.colcon_core.environment:checking '/home/leroy7/ros_ws/install/interfaces' for CMake module files
[5.424s] DEBUG:colcon.colcon_core.event_handler.log_command:Invoked command in '/home/leroy7/ros_ws/src/interfaces' returned '0': PYTHONPATH=/home/leroy7/ros_ws/build/interfaces/prefix_override:/home/leroy7/ros_ws/install/interfaces/lib/python3.10/site-packages:${PYTHONPATH} /usr/bin/python3 setup.py egg_info --egg-base ../../build/interfaces build --build-base /home/leroy7/ros_ws/build/interfaces/build install --record /home/leroy7/ros_ws/build/interfaces/install.log --single-version-externally-managed
[5.425s] Level 1:colcon.colcon_core.environment:checking '/home/leroy7/ros_ws/install/interfaces' for CMake config files
[5.426s] Level 1:colcon.colcon_core.environment:checking '/home/leroy7/ros_ws/install/interfaces/lib'
[5.426s] Level 1:colcon.colcon_core.environment:checking '/home/leroy7/ros_ws/install/interfaces/bin'
[5.426s] Level 1:colcon.colcon_core.environment:checking '/home/leroy7/ros_ws/install/interfaces/lib/pkgconfig/interfaces.pc'
[5.427s] Level 1:colcon.colcon_core.environment:checking '/home/leroy7/ros_ws/install/interfaces/lib/python3.10/site-packages'
[5.427s] Level 1:colcon.colcon_core.shell:create_environment_hook('interfaces', 'pythonpath')
[5.429s] INFO:colcon.colcon_core.shell:Creating environment hook '/home/leroy7/ros_ws/install/interfaces/share/interfaces/hook/pythonpath.ps1'
[5.429s] INFO:colcon.colcon_core.shell:Creating environment descriptor '/home/leroy7/ros_ws/install/interfaces/share/interfaces/hook/pythonpath.dsv'
[5.430s] INFO:colcon.colcon_core.shell:Creating environment hook '/home/leroy7/ros_ws/install/interfaces/share/interfaces/hook/pythonpath.sh'
[5.431s] Level 1:colcon.colcon_core.environment:checking '/home/leroy7/ros_ws/install/interfaces/bin'
[5.431s] Level 1:colcon.colcon_core.environment:create_environment_scripts_only(interfaces)
[5.433s] INFO:colcon.colcon_core.shell:Creating package script '/home/leroy7/ros_ws/install/interfaces/share/interfaces/package.ps1'
[5.434s] INFO:colcon.colcon_core.shell:Creating package descriptor '/home/leroy7/ros_ws/install/interfaces/share/interfaces/package.dsv'
[5.434s] INFO:colcon.colcon_core.shell:Creating package script '/home/leroy7/ros_ws/install/interfaces/share/interfaces/package.sh'
[5.435s] INFO:colcon.colcon_core.shell:Creating package script '/home/leroy7/ros_ws/install/interfaces/share/interfaces/package.bash'
[5.436s] INFO:colcon.colcon_core.shell:Creating package script '/home/leroy7/ros_ws/install/interfaces/share/interfaces/package.zsh'
[5.437s] Level 1:colcon.colcon_core.environment:create_file_with_runtime_dependencies(/home/leroy7/ros_ws/install/interfaces/share/colcon-core/packages/interfaces)
[5.440s] Level 1:colcon.colcon_core.environment:checking '/home/leroy7/ros_ws/install/Navigation' for CMake module files
[5.442s] DEBUG:colcon.colcon_core.event_handler.log_command:Invoked command in '/home/leroy7/ros_ws/src/Navigation' returned '0': PYTHONPATH=/home/leroy7/ros_ws/build/Navigation/prefix_override:/home/leroy7/ros_ws/install/Navigation/lib/python3.10/site-packages:${PYTHONPATH} /usr/bin/python3 setup.py egg_info --egg-base ../../build/Navigation build --build-base /home/leroy7/ros_ws/build/Navigation/build install --record /home/leroy7/ros_ws/build/Navigation/install.log --single-version-externally-managed
[5.443s] Level 1:colcon.colcon_core.environment:checking '/home/leroy7/ros_ws/install/Navigation' for CMake config files
[5.445s] Level 1:colcon.colcon_core.environment:checking '/home/leroy7/ros_ws/install/Navigation/lib'
[5.445s] Level 1:colcon.colcon_core.environment:checking '/home/leroy7/ros_ws/install/Navigation/bin'
[5.445s] Level 1:colcon.colcon_core.environment:checking '/home/leroy7/ros_ws/install/Navigation/lib/pkgconfig/Navigation.pc'
[5.445s] Level 1:colcon.colcon_core.environment:checking '/home/leroy7/ros_ws/install/Navigation/lib/python3.10/site-packages'
[5.445s] Level 1:colcon.colcon_core.shell:create_environment_hook('Navigation', 'pythonpath')
[5.448s] INFO:colcon.colcon_core.shell:Creating environment hook '/home/leroy7/ros_ws/install/Navigation/share/Navigation/hook/pythonpath.ps1'
[5.449s] INFO:colcon.colcon_core.shell:Creating environment descriptor '/home/leroy7/ros_ws/install/Navigation/share/Navigation/hook/pythonpath.dsv'
[5.449s] INFO:colcon.colcon_core.shell:Creating environment hook '/home/leroy7/ros_ws/install/Navigation/share/Navigation/hook/pythonpath.sh'
[5.450s] Level 1:colcon.colcon_core.environment:checking '/home/leroy7/ros_ws/install/Navigation/bin'
[5.450s] Level 1:colcon.colcon_core.environment:create_environment_scripts_only(Navigation)
[5.453s] INFO:colcon.colcon_core.shell:Creating package script '/home/leroy7/ros_ws/install/Navigation/share/Navigation/package.ps1'
[5.456s] INFO:colcon.colcon_core.shell:Creating package descriptor '/home/leroy7/ros_ws/install/Navigation/share/Navigation/package.dsv'
[5.458s] INFO:colcon.colcon_core.shell:Creating package script '/home/leroy7/ros_ws/install/Navigation/share/Navigation/package.sh'
[5.459s] INFO:colcon.colcon_core.shell:Creating package script '/home/leroy7/ros_ws/install/Navigation/share/Navigation/package.bash'
[5.460s] INFO:colcon.colcon_core.shell:Creating package script '/home/leroy7/ros_ws/install/Navigation/share/Navigation/package.zsh'
[5.460s] Level 1:colcon.colcon_core.environment:create_file_with_runtime_dependencies(/home/leroy7/ros_ws/install/Navigation/share/colcon-core/packages/Navigation)
[5.467s] Level 1:colcon.colcon_core.environment:checking '/home/leroy7/ros_ws/install/testing' for CMake module files
[5.470s] DEBUG:colcon.colcon_core.event_handler.log_command:Invoked command in '/home/leroy7/ros_ws/src/testing' returned '0': PYTHONPATH=/home/leroy7/ros_ws/build/testing/prefix_override:/home/leroy7/ros_ws/install/testing/lib/python3.10/site-packages:${PYTHONPATH} /usr/bin/python3 setup.py egg_info --egg-base ../../build/testing build --build-base /home/leroy7/ros_ws/build/testing/build install --record /home/leroy7/ros_ws/build/testing/install.log --single-version-externally-managed
[5.471s] Level 1:colcon.colcon_core.environment:checking '/home/leroy7/ros_ws/install/testing' for CMake config files
[5.471s] Level 1:colcon.colcon_core.environment:checking '/home/leroy7/ros_ws/install/testing/lib'
[5.472s] Level 1:colcon.colcon_core.environment:checking '/home/leroy7/ros_ws/install/testing/bin'
[5.472s] Level 1:colcon.colcon_core.environment:checking '/home/leroy7/ros_ws/install/testing/lib/pkgconfig/testing.pc'
[5.472s] Level 1:colcon.colcon_core.environment:checking '/home/leroy7/ros_ws/install/testing/lib/python3.10/site-packages'
[5.472s] Level 1:colcon.colcon_core.shell:create_environment_hook('testing', 'pythonpath')
[5.475s] INFO:colcon.colcon_core.shell:Creating environment hook '/home/leroy7/ros_ws/install/testing/share/testing/hook/pythonpath.ps1'
[5.476s] INFO:colcon.colcon_core.shell:Creating environment descriptor '/home/leroy7/ros_ws/install/testing/share/testing/hook/pythonpath.dsv'
[5.477s] INFO:colcon.colcon_core.shell:Creating environment hook '/home/leroy7/ros_ws/install/testing/share/testing/hook/pythonpath.sh'
[5.477s] Level 1:colcon.colcon_core.environment:checking '/home/leroy7/ros_ws/install/testing/bin'
[5.478s] Level 1:colcon.colcon_core.environment:create_environment_scripts_only(testing)
[5.482s] INFO:colcon.colcon_core.shell:Creating package script '/home/leroy7/ros_ws/install/testing/share/testing/package.ps1'
[5.483s] INFO:colcon.colcon_core.shell:Creating package descriptor '/home/leroy7/ros_ws/install/testing/share/testing/package.dsv'
[5.484s] INFO:colcon.colcon_core.shell:Creating package script '/home/leroy7/ros_ws/install/testing/share/testing/package.sh'
[5.486s] INFO:colcon.colcon_core.shell:Creating package script '/home/leroy7/ros_ws/install/testing/share/testing/package.bash'
[5.487s] INFO:colcon.colcon_core.shell:Creating package script '/home/leroy7/ros_ws/install/testing/share/testing/package.zsh'
[5.488s] Level 1:colcon.colcon_core.environment:create_file_with_runtime_dependencies(/home/leroy7/ros_ws/install/testing/share/colcon-core/packages/testing)
[5.489s] DEBUG:colcon.colcon_parallel_executor.executor.parallel:closing loop
[5.490s] DEBUG:colcon.colcon_parallel_executor.executor.parallel:loop closed
[5.490s] DEBUG:colcon.colcon_parallel_executor.executor.parallel:run_until_complete finished with '0'
[5.490s] DEBUG:colcon.colcon_core.event_reactor:joining thread
[5.633s] INFO:colcon.colcon_core.plugin_system:Skipping extension 'colcon_notification.desktop_notification.notify_send': Could not find 'notify-send'
[5.633s] INFO:colcon.colcon_core.plugin_system:Skipping extension 'colcon_notification.desktop_notification.terminal_notifier': Not used on non-Darwin systems
[5.633s] INFO:colcon.colcon_core.plugin_system:Skipping extension 'colcon_notification.desktop_notification.win32': Not used on non-Windows systems
[5.633s] INFO:colcon.colcon_notification.desktop_notification:Sending desktop notification using 'notify2'
[5.635s] DEBUG:colcon.colcon_notification.desktop_notification.notify2:Failed to initialize notify2: org.freedesktop.DBus.Error.ServiceUnknown: The name org.freedesktop.Notifications was not provided by any .service files
[5.635s] DEBUG:colcon.colcon_core.event_reactor:joined thread
[5.637s] INFO:colcon.colcon_core.shell:Creating prefix script '/home/leroy7/ros_ws/install/local_setup.ps1'
[5.637s] INFO:colcon.colcon_core.shell:Creating prefix util module '/home/leroy7/ros_ws/install/_local_setup_util_ps1.py'
[5.638s] INFO:colcon.colcon_core.shell:Creating prefix chain script '/home/leroy7/ros_ws/install/setup.ps1'
[5.639s] INFO:colcon.colcon_core.shell:Creating prefix script '/home/leroy7/ros_ws/install/local_setup.sh'
[5.640s] INFO:colcon.colcon_core.shell:Creating prefix util module '/home/leroy7/ros_ws/install/_local_setup_util_sh.py'
[5.640s] INFO:colcon.colcon_core.shell:Creating prefix chain script '/home/leroy7/ros_ws/install/setup.sh'
[5.641s] INFO:colcon.colcon_core.shell:Creating prefix script '/home/leroy7/ros_ws/install/local_setup.bash'
[5.642s] INFO:colcon.colcon_core.shell:Creating prefix chain script '/home/leroy7/ros_ws/install/setup.bash'
[5.644s] INFO:colcon.colcon_core.shell:Creating prefix script '/home/leroy7/ros_ws/install/local_setup.zsh'
[5.644s] INFO:colcon.colcon_core.shell:Creating prefix chain script '/home/leroy7/ros_ws/install/setup.zsh'
