[2.328s] Invoking command in '/home/leroy7/ros_ws/src/interfaces': PYTHONPATH=/home/leroy7/ros_ws/build/interfaces/prefix_override:/home/leroy7/ros_ws/install/interfaces/lib/python3.10/site-packages:${PYTHONPATH} /usr/bin/python3 setup.py egg_info --egg-base ../../build/interfaces build --build-base /home/leroy7/ros_ws/build/interfaces/build install --record /home/leroy7/ros_ws/build/interfaces/install.log --single-version-externally-managed
[2.688s] running egg_info
[2.689s] writing ../../build/interfaces/interfaces.egg-info/PKG-INFO
[2.690s] writing dependency_links to ../../build/interfaces/interfaces.egg-info/dependency_links.txt
[2.691s] writing entry points to ../../build/interfaces/interfaces.egg-info/entry_points.txt
[2.691s] writing requirements to ../../build/interfaces/interfaces.egg-info/requires.txt
[2.692s] writing top-level names to ../../build/interfaces/interfaces.egg-info/top_level.txt
[2.695s] reading manifest file '../../build/interfaces/interfaces.egg-info/SOURCES.txt'
[2.697s] writing manifest file '../../build/interfaces/interfaces.egg-info/SOURCES.txt'
[2.697s] running build
[2.697s] running build_py
[2.697s] running install
[2.698s] running install_lib
[2.700s] running install_data
[2.701s] running install_egg_info
[2.703s] removing '/home/leroy7/ros_ws/install/interfaces/lib/python3.10/site-packages/interfaces-0.0.0-py3.10.egg-info' (and everything under it)
[2.704s] Copying ../../build/interfaces/interfaces.egg-info to /home/leroy7/ros_ws/install/interfaces/lib/python3.10/site-packages/interfaces-0.0.0-py3.10.egg-info
[2.707s] running install_scripts
[2.743s] writing list of installed files to '/home/leroy7/ros_ws/build/interfaces/install.log'
[2.834s] Invoked command in '/home/leroy7/ros_ws/src/interfaces' returned '0': PYTHONPATH=/home/leroy7/ros_ws/build/interfaces/prefix_override:/home/leroy7/ros_ws/install/interfaces/lib/python3.10/site-packages:${PYTHONPATH} /usr/bin/python3 setup.py egg_info --egg-base ../../build/interfaces build --build-base /home/leroy7/ros_ws/build/interfaces/build install --record /home/leroy7/ros_ws/build/interfaces/install.log --single-version-externally-managed
