[2.393s] Invoking command in '/home/leroy7/ros_ws/src/GPS': PYTHONPATH=/home/leroy7/ros_ws/build/GPS/prefix_override:/home/leroy7/ros_ws/install/GPS/lib/python3.10/site-packages:${PYTHONPATH} /usr/bin/python3 setup.py egg_info --egg-base ../../build/GPS build --build-base /home/leroy7/ros_ws/build/GPS/build install --record /home/leroy7/ros_ws/build/GPS/install.log --single-version-externally-managed
[2.766s] running egg_info
[2.767s] writing ../../build/GPS/GPS.egg-info/PKG-INFO
[2.769s] writing dependency_links to ../../build/GPS/GPS.egg-info/dependency_links.txt
[2.774s] writing entry points to ../../build/GPS/GPS.egg-info/entry_points.txt
[2.775s] writing requirements to ../../build/GPS/GPS.egg-info/requires.txt
[2.775s] writing top-level names to ../../build/GPS/GPS.egg-info/top_level.txt
[2.778s] reading manifest file '../../build/GPS/GPS.egg-info/SOURCES.txt'
[2.778s] writing manifest file '../../build/GPS/GPS.egg-info/SOURCES.txt'
[2.778s] running build
[2.779s] running build_py
[2.780s] running install
[2.781s] running install_lib
[2.782s] running install_data
[2.783s] running install_egg_info
[2.784s] removing '/home/leroy7/ros_ws/install/GPS/lib/python3.10/site-packages/GPS-0.0.0-py3.10.egg-info' (and everything under it)
[2.784s] Copying ../../build/GPS/GPS.egg-info to /home/leroy7/ros_ws/install/GPS/lib/python3.10/site-packages/GPS-0.0.0-py3.10.egg-info
[2.789s] running install_scripts
[2.832s] writing list of installed files to '/home/leroy7/ros_ws/build/GPS/install.log'
[2.910s] Invoked command in '/home/leroy7/ros_ws/src/GPS' returned '0': PYTHONPATH=/home/leroy7/ros_ws/build/GPS/prefix_override:/home/leroy7/ros_ws/install/GPS/lib/python3.10/site-packages:${PYTHONPATH} /usr/bin/python3 setup.py egg_info --egg-base ../../build/GPS build --build-base /home/leroy7/ros_ws/build/GPS/build install --record /home/leroy7/ros_ws/build/GPS/install.log --single-version-externally-managed
